{"E:\\Projects\\whosonsite\\apps\\web\\src\\components\\analytics\\api.ts": {"path":"E:\\Projects\\whosonsite\\apps\\web\\src\\components\\analytics\\api.ts","statementMap":{"0":{"start":{"line":5,"column":2},"end":{"line":5,"column":null}}},"fnMap":{"0":{"name":"fetchAnalyticsSummary","decl":{"start":{"line":4,"column":22},"end":{"line":4,"column":76}},"loc":{"start":{"line":4,"column":76},"end":{"line":6,"column":null}},"line":4}},"branchMap":{},"s":{"0":0},"f":{"0":0},"b":{},"meta":{"lastBranch":0,"lastFunction":1,"lastStatement":1,"seen":{"f:4:22:4:76":0,"s:5:2:5:Infinity":0},"fnNames":{}}}
,"E:\\Projects\\whosonsite\\apps\\web\\src\\components\\analytics\\queries.ts": {"path":"E:\\Projects\\whosonsite\\apps\\web\\src\\components\\analytics\\queries.ts","statementMap":{"0":{"start":{"line":5,"column":2},"end":{"line":9,"column":null}},"1":{"start":{"line":7,"column":13},"end":{"line":7,"column":null}}},"fnMap":{"0":{"name":"useAnalyticsSummary","decl":{"start":{"line":4,"column":16},"end":{"line":4,"column":38}},"loc":{"start":{"line":4,"column":38},"end":{"line":10,"column":null}},"line":4},"1":{"name":"(anonymous_1)","decl":{"start":{"line":7,"column":13},"end":{"line":7,"column":19}},"loc":{"start":{"line":7,"column":13},"end":{"line":7,"column":null}},"line":7}},"branchMap":{},"s":{"0":0,"1":0},"f":{"0":0,"1":0},"b":{},"meta":{"lastBranch":0,"lastFunction":2,"lastStatement":2,"seen":{"f:4:16:4:38":0,"s:5:2:9:Infinity":0,"f:7:13:7:19":1,"s:7:13:7:Infinity":1},"fnNames":{}}}
,"E:\\Projects\\whosonsite\\apps\\web\\src\\components\\auth\\AuthContext.tsx": {"path":"E:\\Projects\\whosonsite\\apps\\web\\src\\components\\auth\\AuthContext.tsx","statementMap":{"0":{"start":{"line":31,"column":6},"end":{"line":31,"column":null}},"1":{"start":{"line":33,"column":69},"end":{"line":119,"column":null}},"2":{"start":{"line":34,"column":8},"end":{"line":34,"column":null}},"3":{"start":{"line":35,"column":52},"end":{"line":35,"column":null}},"4":{"start":{"line":35,"column":82},"end":{"line":35,"column":92}},"5":{"start":{"line":36,"column":26},"end":{"line":36,"column":null}},"6":{"start":{"line":37,"column":8},"end":{"line":37,"column":null}},"7":{"start":{"line":40,"column":2},"end":{"line":51,"column":null}},"8":{"start":{"line":41,"column":4},"end":{"line":50,"column":null}},"9":{"start":{"line":42,"column":25},"end":{"line":42,"column":null}},"10":{"start":{"line":43,"column":6},"end":{"line":45,"column":null}},"11":{"start":{"line":44,"column":8},"end":{"line":44,"column":null}},"12":{"start":{"line":47,"column":6},"end":{"line":49,"column":null}},"13":{"start":{"line":48,"column":8},"end":{"line":48,"column":null}},"14":{"start":{"line":54,"column":2},"end":{"line":58,"column":null}},"15":{"start":{"line":55,"column":4},"end":{"line":57,"column":null}},"16":{"start":{"line":56,"column":6},"end":{"line":56,"column":null}},"17":{"start":{"line":61,"column":2},"end":{"line":61,"column":null}},"18":{"start":{"line":64,"column":2},"end":{"line":68,"column":null}},"19":{"start":{"line":65,"column":4},"end":{"line":67,"column":null}},"20":{"start":{"line":66,"column":6},"end":{"line":66,"column":null}},"21":{"start":{"line":71,"column":2},"end":{"line":78,"column":null}},"22":{"start":{"line":72,"column":4},"end":{"line":74,"column":null}},"23":{"start":{"line":73,"column":6},"end":{"line":73,"column":null}},"24":{"start":{"line":75,"column":4},"end":{"line":75,"column":null}},"25":{"start":{"line":77,"column":4},"end":{"line":77,"column":null}},"26":{"start":{"line":80,"column":8},"end":{"line":88,"column":null}},"27":{"start":{"line":82,"column":27},"end":{"line":82,"column":null}},"28":{"start":{"line":83,"column":6},"end":{"line":85,"column":null}},"29":{"start":{"line":84,"column":8},"end":{"line":84,"column":null}},"30":{"start":{"line":90,"column":8},"end":{"line":98,"column":null}},"31":{"start":{"line":92,"column":27},"end":{"line":92,"column":null}},"32":{"start":{"line":93,"column":6},"end":{"line":95,"column":null}},"33":{"start":{"line":94,"column":8},"end":{"line":94,"column":null}},"34":{"start":{"line":100,"column":8},"end":{"line":102,"column":null}},"35":{"start":{"line":101,"column":4},"end":{"line":101,"column":null}},"36":{"start":{"line":104,"column":2},"end":{"line":117,"column":null}},"37":{"start":{"line":122,"column":8},"end":{"line":122,"column":null}},"38":{"start":{"line":123,"column":2},"end":{"line":125,"column":null}},"39":{"start":{"line":124,"column":4},"end":{"line":124,"column":null}},"40":{"start":{"line":126,"column":2},"end":{"line":126,"column":null}}},"fnMap":{"0":{"name":"(anonymous_0)","decl":{"start":{"line":33,"column":69},"end":{"line":33,"column":70}},"loc":{"start":{"line":33,"column":87},"end":{"line":119,"column":null}},"line":33},"1":{"name":"(anonymous_1)","decl":{"start":{"line":35,"column":71},"end":{"line":35,"column":72}},"loc":{"start":{"line":35,"column":82},"end":{"line":35,"column":92}},"line":35},"2":{"name":"(anonymous_2)","decl":{"start":{"line":40,"column":12},"end":{"line":40,"column":18}},"loc":{"start":{"line":40,"column":18},"end":{"line":51,"column":5}},"line":40},"3":{"name":"(anonymous_3)","decl":{"start":{"line":54,"column":12},"end":{"line":54,"column":18}},"loc":{"start":{"line":54,"column":18},"end":{"line":58,"column":5}},"line":54},"4":{"name":"(anonymous_4)","decl":{"start":{"line":55,"column":21},"end":{"line":55,"column":27}},"loc":{"start":{"line":55,"column":27},"end":{"line":57,"column":5}},"line":55},"5":{"name":"(anonymous_5)","decl":{"start":{"line":64,"column":12},"end":{"line":64,"column":18}},"loc":{"start":{"line":64,"column":18},"end":{"line":68,"column":5}},"line":64},"6":{"name":"(anonymous_6)","decl":{"start":{"line":71,"column":12},"end":{"line":71,"column":18}},"loc":{"start":{"line":71,"column":18},"end":{"line":78,"column":5}},"line":71},"7":{"name":"(anonymous_7)","decl":{"start":{"line":81,"column":4},"end":{"line":81,"column":11}},"loc":{"start":{"line":81,"column":34},"end":{"line":86,"column":null}},"line":81},"8":{"name":"(anonymous_8)","decl":{"start":{"line":91,"column":4},"end":{"line":91,"column":11}},"loc":{"start":{"line":91,"column":37},"end":{"line":96,"column":null}},"line":91},"9":{"name":"(anonymous_9)","decl":{"start":{"line":100,"column":29},"end":{"line":100,"column":41}},"loc":{"start":{"line":100,"column":41},"end":{"line":102,"column":5}},"line":100},"10":{"name":"useAuth","decl":{"start":{"line":121,"column":16},"end":{"line":121,"column":43}},"loc":{"start":{"line":121,"column":43},"end":{"line":127,"column":null}},"line":121}},"branchMap":{"0":{"loc":{"start":{"line":43,"column":6},"end":{"line":45,"column":null}},"type":"if","locations":[{"start":{"line":43,"column":6},"end":{"line":45,"column":null}},{"start":{},"end":{}}],"line":43},"1":{"loc":{"start":{"line":43,"column":10},"end":{"line":43,"column":48}},"type":"binary-expr","locations":[{"start":{"line":43,"column":10},"end":{"line":43,"column":25}},{"start":{"line":43,"column":25},"end":{"line":43,"column":48}}],"line":43},"2":{"loc":{"start":{"line":47,"column":6},"end":{"line":49,"column":null}},"type":"if","locations":[{"start":{"line":47,"column":6},"end":{"line":49,"column":null}},{"start":{},"end":{}}],"line":47},"3":{"loc":{"start":{"line":65,"column":4},"end":{"line":67,"column":null}},"type":"if","locations":[{"start":{"line":65,"column":4},"end":{"line":67,"column":null}},{"start":{},"end":{}}],"line":65},"4":{"loc":{"start":{"line":72,"column":4},"end":{"line":74,"column":null}},"type":"if","locations":[{"start":{"line":72,"column":4},"end":{"line":74,"column":null}},{"start":{},"end":{}}],"line":72},"5":{"loc":{"start":{"line":83,"column":6},"end":{"line":85,"column":null}},"type":"if","locations":[{"start":{"line":83,"column":6},"end":{"line":85,"column":null}},{"start":{},"end":{}}],"line":83},"6":{"loc":{"start":{"line":84,"column":25},"end":{"line":84,"column":74}},"type":"binary-expr","locations":[{"start":{"line":84,"column":25},"end":{"line":84,"column":60}},{"start":{"line":84,"column":60},"end":{"line":84,"column":74}}],"line":84},"7":{"loc":{"start":{"line":93,"column":6},"end":{"line":95,"column":null}},"type":"if","locations":[{"start":{"line":93,"column":6},"end":{"line":95,"column":null}},{"start":{},"end":{}}],"line":93},"8":{"loc":{"start":{"line":94,"column":25},"end":{"line":94,"column":81}},"type":"binary-expr","locations":[{"start":{"line":94,"column":25},"end":{"line":94,"column":60}},{"start":{"line":94,"column":60},"end":{"line":94,"column":81}}],"line":94},"9":{"loc":{"start":{"line":123,"column":2},"end":{"line":125,"column":null}},"type":"if","locations":[{"start":{"line":123,"column":2},"end":{"line":125,"column":null}},{"start":{},"end":{}}],"line":123}},"s":{"0":0,"1":0,"2":0,"3":0,"4":0,"5":0,"6":0,"7":0,"8":0,"9":0,"10":0,"11":0,"12":0,"13":0,"14":0,"15":0,"16":0,"17":0,"18":0,"19":0,"20":0,"21":0,"22":0,"23":0,"24":0,"25":0,"26":0,"27":0,"28":0,"29":0,"30":0,"31":0,"32":0,"33":0,"34":0,"35":0,"36":0,"37":0,"38":0,"39":0,"40":0},"f":{"0":0,"1":0,"2":0,"3":0,"4":0,"5":0,"6":0,"7":0,"8":0,"9":0,"10":0},"b":{"0":[0,0],"1":[0,0],"2":[0,0],"3":[0,0],"4":[0,0],"5":[0,0],"6":[0,0],"7":[0,0],"8":[0,0],"9":[0,0]},"meta":{"lastBranch":10,"lastFunction":11,"lastStatement":41,"seen":{"s:31:6:31:Infinity":0,"s:33:69:119:Infinity":1,"f:33:69:33:70":0,"s:34:8:34:Infinity":2,"s:35:52:35:Infinity":3,"f:35:71:35:72":1,"s:35:82:35:92":4,"s:36:26:36:Infinity":5,"s:37:8:37:Infinity":6,"s:40:2:51:Infinity":7,"f:40:12:40:18":2,"s:41:4:50:Infinity":8,"s:42:25:42:Infinity":9,"b:43:6:45:Infinity:undefined:undefined:undefined:undefined":0,"s:43:6:45:Infinity":10,"b:43:10:43:25:43:25:43:48":1,"s:44:8:44:Infinity":11,"b:47:6:49:Infinity:undefined:undefined:undefined:undefined":2,"s:47:6:49:Infinity":12,"s:48:8:48:Infinity":13,"s:54:2:58:Infinity":14,"f:54:12:54:18":3,"s:55:4:57:Infinity":15,"f:55:21:55:27":4,"s:56:6:56:Infinity":16,"s:61:2:61:Infinity":17,"s:64:2:68:Infinity":18,"f:64:12:64:18":5,"b:65:4:67:Infinity:undefined:undefined:undefined:undefined":3,"s:65:4:67:Infinity":19,"s:66:6:66:Infinity":20,"s:71:2:78:Infinity":21,"f:71:12:71:18":6,"b:72:4:74:Infinity:undefined:undefined:undefined:undefined":4,"s:72:4:74:Infinity":22,"s:73:6:73:Infinity":23,"s:75:4:75:Infinity":24,"s:77:4:77:Infinity":25,"s:80:8:88:Infinity":26,"f:81:4:81:11":7,"s:82:27:82:Infinity":27,"b:83:6:85:Infinity:undefined:undefined:undefined:undefined":5,"s:83:6:85:Infinity":28,"s:84:8:84:Infinity":29,"b:84:25:84:60:84:60:84:74":6,"s:90:8:98:Infinity":30,"f:91:4:91:11":8,"s:92:27:92:Infinity":31,"b:93:6:95:Infinity:undefined:undefined:undefined:undefined":7,"s:93:6:95:Infinity":32,"s:94:8:94:Infinity":33,"b:94:25:94:60:94:60:94:81":8,"s:100:8:102:Infinity":34,"f:100:29:100:41":9,"s:101:4:101:Infinity":35,"s:104:2:117:Infinity":36,"f:121:16:121:43":10,"s:122:8:122:Infinity":37,"b:123:2:125:Infinity:undefined:undefined:undefined:undefined":9,"s:123:2:125:Infinity":38,"s:124:4:124:Infinity":39,"s:126:2:126:Infinity":40},"fnNames":{}}}
,"E:\\Projects\\whosonsite\\apps\\web\\src\\components\\auth\\DispatcherOnly.tsx": {"path":"E:\\Projects\\whosonsite\\apps\\web\\src\\components\\auth\\DispatcherOnly.tsx","statementMap":{"0":{"start":{"line":12,"column":61},"end":{"line":29,"column":null}},"1":{"start":{"line":13,"column":43},"end":{"line":13,"column":null}},"2":{"start":{"line":15,"column":2},"end":{"line":17,"column":null}},"3":{"start":{"line":16,"column":4},"end":{"line":16,"column":null}},"4":{"start":{"line":19,"column":2},"end":{"line":21,"column":null}},"5":{"start":{"line":20,"column":4},"end":{"line":20,"column":null}},"6":{"start":{"line":23,"column":23},"end":{"line":23,"column":null}},"7":{"start":{"line":24,"column":2},"end":{"line":26,"column":null}},"8":{"start":{"line":25,"column":4},"end":{"line":25,"column":null}},"9":{"start":{"line":28,"column":2},"end":{"line":28,"column":null}}},"fnMap":{"0":{"name":"(anonymous_0)","decl":{"start":{"line":12,"column":61},"end":{"line":12,"column":62}},"loc":{"start":{"line":12,"column":79},"end":{"line":29,"column":null}},"line":12}},"branchMap":{"0":{"loc":{"start":{"line":15,"column":2},"end":{"line":17,"column":null}},"type":"if","locations":[{"start":{"line":15,"column":2},"end":{"line":17,"column":null}},{"start":{},"end":{}}],"line":15},"1":{"loc":{"start":{"line":19,"column":2},"end":{"line":21,"column":null}},"type":"if","locations":[{"start":{"line":19,"column":2},"end":{"line":21,"column":null}},{"start":{},"end":{}}],"line":19},"2":{"loc":{"start":{"line":24,"column":2},"end":{"line":26,"column":null}},"type":"if","locations":[{"start":{"line":24,"column":2},"end":{"line":26,"column":null}},{"start":{},"end":{}}],"line":24},"3":{"loc":{"start":{"line":24,"column":6},"end":{"line":24,"column":62}},"type":"binary-expr","locations":[{"start":{"line":24,"column":6},"end":{"line":24,"column":15}},{"start":{"line":24,"column":15},"end":{"line":24,"column":62}}],"line":24}},"s":{"0":0,"1":0,"2":0,"3":0,"4":0,"5":0,"6":0,"7":0,"8":0,"9":0},"f":{"0":0},"b":{"0":[0,0],"1":[0,0],"2":[0,0],"3":[0,0]},"meta":{"lastBranch":4,"lastFunction":1,"lastStatement":10,"seen":{"s:12:61:29:Infinity":0,"f:12:61:12:62":0,"s:13:43:13:Infinity":1,"b:15:2:17:Infinity:undefined:undefined:undefined:undefined":0,"s:15:2:17:Infinity":2,"s:16:4:16:Infinity":3,"b:19:2:21:Infinity:undefined:undefined:undefined:undefined":1,"s:19:2:21:Infinity":4,"s:20:4:20:Infinity":5,"s:23:23:23:Infinity":6,"b:24:2:26:Infinity:undefined:undefined:undefined:undefined":2,"s:24:2:26:Infinity":7,"b:24:6:24:15:24:15:24:62":3,"s:25:4:25:Infinity":8,"s:28:2:28:Infinity":9},"fnNames":{}}}
,"E:\\Projects\\whosonsite\\apps\\web\\src\\components\\auth\\Form.tsx": {"path":"E:\\Projects\\whosonsite\\apps\\web\\src\\components\\auth\\Form.tsx","statementMap":{"0":{"start":{"line":24,"column":35},"end":{"line":180,"column":null}},"1":{"start":{"line":25,"column":12},"end":{"line":25,"column":null}},"2":{"start":{"line":26,"column":16},"end":{"line":26,"column":null}},"3":{"start":{"line":27,"column":8},"end":{"line":27,"column":null}},"4":{"start":{"line":28,"column":8},"end":{"line":28,"column":null}},"5":{"start":{"line":30,"column":24},"end":{"line":30,"column":null}},"6":{"start":{"line":31,"column":30},"end":{"line":31,"column":null}},"7":{"start":{"line":32,"column":28},"end":{"line":32,"column":null}},"8":{"start":{"line":33,"column":24},"end":{"line":33,"column":null}},"9":{"start":{"line":34,"column":36},"end":{"line":34,"column":null}},"10":{"start":{"line":36,"column":16},"end":{"line":36,"column":null}},"11":{"start":{"line":38,"column":23},"end":{"line":67,"column":null}},"12":{"start":{"line":39,"column":4},"end":{"line":39,"column":null}},"13":{"start":{"line":40,"column":4},"end":{"line":40,"column":null}},"14":{"start":{"line":41,"column":4},"end":{"line":41,"column":null}},"15":{"start":{"line":43,"column":23},"end":{"line":43,"column":null}},"16":{"start":{"line":44,"column":4},"end":{"line":54,"column":null}},"17":{"start":{"line":45,"column":69},"end":{"line":45,"column":null}},"18":{"start":{"line":46,"column":6},"end":{"line":51,"column":null}},"19":{"start":{"line":47,"column":26},"end":{"line":47,"column":null}},"20":{"start":{"line":48,"column":8},"end":{"line":50,"column":null}},"21":{"start":{"line":49,"column":10},"end":{"line":49,"column":null}},"22":{"start":{"line":52,"column":6},"end":{"line":52,"column":null}},"23":{"start":{"line":53,"column":6},"end":{"line":53,"column":null}},"24":{"start":{"line":56,"column":4},"end":{"line":56,"column":null}},"25":{"start":{"line":57,"column":4},"end":{"line":66,"column":null}},"26":{"start":{"line":58,"column":6},"end":{"line":58,"column":null}},"27":{"start":{"line":59,"column":6},"end":{"line":59,"column":null}},"28":{"start":{"line":62,"column":8},"end":{"line":62,"column":null}},"29":{"start":{"line":63,"column":6},"end":{"line":63,"column":null}},"30":{"start":{"line":65,"column":6},"end":{"line":65,"column":null}},"31":{"start":{"line":69,"column":30},"end":{"line":73,"column":null}},"32":{"start":{"line":70,"column":4},"end":{"line":70,"column":null}},"33":{"start":{"line":71,"column":4},"end":{"line":71,"column":null}},"34":{"start":{"line":72,"column":4},"end":{"line":72,"column":null}},"35":{"start":{"line":75,"column":2},"end":{"line":178,"column":null}},"36":{"start":{"line":105,"column":18},"end":{"line":105,"column":null}},"37":{"start":{"line":106,"column":18},"end":{"line":106,"column":null}},"38":{"start":{"line":106,"column":41},"end":{"line":106,"column":null}},"39":{"start":{"line":106,"column":67},"end":{"line":106,"column":97}},"40":{"start":{"line":118,"column":18},"end":{"line":118,"column":null}},"41":{"start":{"line":119,"column":18},"end":{"line":119,"column":null}},"42":{"start":{"line":119,"column":44},"end":{"line":119,"column":null}},"43":{"start":{"line":119,"column":70},"end":{"line":119,"column":103}},"44":{"start":{"line":146,"column":31},"end":{"line":146,"column":null}},"45":{"start":{"line":154,"column":31},"end":{"line":154,"column":null}},"46":{"start":{"line":162,"column":31},"end":{"line":162,"column":null}},"47":{"start":{"line":170,"column":31},"end":{"line":170,"column":null}}},"fnMap":{"0":{"name":"(anonymous_0)","decl":{"start":{"line":24,"column":35},"end":{"line":24,"column":41}},"loc":{"start":{"line":24,"column":41},"end":{"line":180,"column":null}},"line":24},"1":{"name":"(anonymous_1)","decl":{"start":{"line":38,"column":23},"end":{"line":38,"column":30}},"loc":{"start":{"line":38,"column":53},"end":{"line":67,"column":null}},"line":38},"2":{"name":"(anonymous_2)","decl":{"start":{"line":46,"column":38},"end":{"line":46,"column":39}},"loc":{"start":{"line":46,"column":95},"end":{"line":51,"column":7}},"line":46},"3":{"name":"(anonymous_3)","decl":{"start":{"line":69,"column":30},"end":{"line":69,"column":31}},"loc":{"start":{"line":69,"column":53},"end":{"line":73,"column":null}},"line":69},"4":{"name":"(anonymous_4)","decl":{"start":{"line":104,"column":26},"end":{"line":104,"column":27}},"loc":{"start":{"line":104,"column":33},"end":{"line":107,"column":null}},"line":104},"5":{"name":"(anonymous_5)","decl":{"start":{"line":106,"column":56},"end":{"line":106,"column":57}},"loc":{"start":{"line":106,"column":67},"end":{"line":106,"column":97}},"line":106},"6":{"name":"(anonymous_6)","decl":{"start":{"line":117,"column":26},"end":{"line":117,"column":27}},"loc":{"start":{"line":117,"column":33},"end":{"line":120,"column":null}},"line":117},"7":{"name":"(anonymous_7)","decl":{"start":{"line":119,"column":59},"end":{"line":119,"column":60}},"loc":{"start":{"line":119,"column":70},"end":{"line":119,"column":103}},"line":119},"8":{"name":"(anonymous_8)","decl":{"start":{"line":146,"column":25},"end":{"line":146,"column":31}},"loc":{"start":{"line":146,"column":31},"end":{"line":146,"column":null}},"line":146},"9":{"name":"(anonymous_9)","decl":{"start":{"line":154,"column":25},"end":{"line":154,"column":31}},"loc":{"start":{"line":154,"column":31},"end":{"line":154,"column":null}},"line":154},"10":{"name":"(anonymous_10)","decl":{"start":{"line":162,"column":25},"end":{"line":162,"column":31}},"loc":{"start":{"line":162,"column":31},"end":{"line":162,"column":null}},"line":162},"11":{"name":"(anonymous_11)","decl":{"start":{"line":170,"column":25},"end":{"line":170,"column":31}},"loc":{"start":{"line":170,"column":31},"end":{"line":170,"column":null}},"line":170}},"branchMap":{"0":{"loc":{"start":{"line":36,"column":16},"end":{"line":36,"column":null}},"type":"binary-expr","locations":[{"start":{"line":36,"column":16},"end":{"line":36,"column":86}},{"start":{"line":36,"column":86},"end":{"line":36,"column":null}}],"line":36},"1":{"loc":{"start":{"line":44,"column":4},"end":{"line":54,"column":null}},"type":"if","locations":[{"start":{"line":44,"column":4},"end":{"line":54,"column":null}},{"start":{},"end":{}}],"line":44},"2":{"loc":{"start":{"line":48,"column":8},"end":{"line":50,"column":null}},"type":"if","locations":[{"start":{"line":48,"column":8},"end":{"line":50,"column":null}},{"start":{},"end":{}}],"line":48},"3":{"loc":{"start":{"line":48,"column":12},"end":{"line":48,"column":54}},"type":"binary-expr","locations":[{"start":{"line":48,"column":12},"end":{"line":48,"column":25}},{"start":{"line":48,"column":25},"end":{"line":48,"column":54}}],"line":48},"4":{"loc":{"start":{"line":62,"column":8},"end":{"line":62,"column":null}},"type":"cond-expr","locations":[{"start":{"line":62,"column":31},"end":{"line":62,"column":45}},{"start":{"line":62,"column":45},"end":{"line":62,"column":null}}],"line":62},"5":{"loc":{"start":{"line":106,"column":18},"end":{"line":106,"column":null}},"type":"if","locations":[{"start":{"line":106,"column":18},"end":{"line":106,"column":null}},{"start":{},"end":{}}],"line":106},"6":{"loc":{"start":{"line":119,"column":18},"end":{"line":119,"column":null}},"type":"if","locations":[{"start":{"line":119,"column":18},"end":{"line":119,"column":null}},{"start":{},"end":{}}],"line":119}},"s":{"0":1,"1":60,"2":60,"3":60,"4":60,"5":60,"6":60,"7":60,"8":60,"9":60,"10":60,"11":60,"12":3,"13":3,"14":3,"15":3,"16":3,"17":2,"18":2,"19":3,"20":3,"21":3,"22":2,"23":2,"24":1,"25":1,"26":1,"27":1,"28":0,"29":0,"30":1,"31":60,"32":1,"33":1,"34":1,"35":60,"36":25,"37":25,"38":0,"39":0,"40":22,"41":22,"42":0,"43":0,"44":0,"45":0,"46":1,"47":0},"f":{"0":60,"1":3,"2":3,"3":1,"4":25,"5":0,"6":22,"7":0,"8":0,"9":0,"10":1,"11":0},"b":{"0":[60,60],"1":[2,1],"2":[3,0],"3":[3,3],"4":[0,0],"5":[0,25],"6":[0,22]},"meta":{"lastBranch":7,"lastFunction":12,"lastStatement":48,"seen":{"s:24:35:180:Infinity":0,"f:24:35:24:41":0,"s:25:12:25:Infinity":1,"s:26:16:26:Infinity":2,"s:27:8:27:Infinity":3,"s:28:8:28:Infinity":4,"s:30:24:30:Infinity":5,"s:31:30:31:Infinity":6,"s:32:28:32:Infinity":7,"s:33:24:33:Infinity":8,"s:34:36:34:Infinity":9,"s:36:16:36:Infinity":10,"b:36:16:36:86:36:86:36:Infinity":0,"s:38:23:67:Infinity":11,"f:38:23:38:30":1,"s:39:4:39:Infinity":12,"s:40:4:40:Infinity":13,"s:41:4:41:Infinity":14,"s:43:23:43:Infinity":15,"b:44:4:54:Infinity:undefined:undefined:undefined:undefined":1,"s:44:4:54:Infinity":16,"s:45:69:45:Infinity":17,"s:46:6:51:Infinity":18,"f:46:38:46:39":2,"s:47:26:47:Infinity":19,"b:48:8:50:Infinity:undefined:undefined:undefined:undefined":2,"s:48:8:50:Infinity":20,"b:48:12:48:25:48:25:48:54":3,"s:49:10:49:Infinity":21,"s:52:6:52:Infinity":22,"s:53:6:53:Infinity":23,"s:56:4:56:Infinity":24,"s:57:4:66:Infinity":25,"s:58:6:58:Infinity":26,"s:59:6:59:Infinity":27,"s:62:8:62:Infinity":28,"b:62:31:62:45:62:45:62:Infinity":4,"s:63:6:63:Infinity":29,"s:65:6:65:Infinity":30,"s:69:30:73:Infinity":31,"f:69:30:69:31":3,"s:70:4:70:Infinity":32,"s:71:4:71:Infinity":33,"s:72:4:72:Infinity":34,"s:75:2:178:Infinity":35,"f:104:26:104:27":4,"s:105:18:105:Infinity":36,"b:106:18:106:Infinity:undefined:undefined:undefined:undefined":5,"s:106:18:106:Infinity":37,"s:106:41:106:Infinity":38,"f:106:56:106:57":5,"s:106:67:106:97":39,"f:117:26:117:27":6,"s:118:18:118:Infinity":40,"b:119:18:119:Infinity:undefined:undefined:undefined:undefined":6,"s:119:18:119:Infinity":41,"s:119:44:119:Infinity":42,"f:119:59:119:60":7,"s:119:70:119:103":43,"f:146:25:146:31":8,"s:146:31:146:Infinity":44,"f:154:25:154:31":9,"s:154:31:154:Infinity":45,"f:162:25:162:31":10,"s:162:31:162:Infinity":46,"f:170:25:170:31":11,"s:170:31:170:Infinity":47},"fnNames":{}}}
,"E:\\Projects\\whosonsite\\apps\\web\\src\\components\\auth\\ProtectedRoute.tsx": {"path":"E:\\Projects\\whosonsite\\apps\\web\\src\\components\\auth\\ProtectedRoute.tsx","statementMap":{"0":{"start":{"line":13,"column":61},"end":{"line":34,"column":null}},"1":{"start":{"line":14,"column":43},"end":{"line":14,"column":null}},"2":{"start":{"line":15,"column":8},"end":{"line":15,"column":null}},"3":{"start":{"line":17,"column":2},"end":{"line":19,"column":null}},"4":{"start":{"line":18,"column":4},"end":{"line":18,"column":null}},"5":{"start":{"line":21,"column":2},"end":{"line":23,"column":null}},"6":{"start":{"line":22,"column":4},"end":{"line":22,"column":null}},"7":{"start":{"line":25,"column":2},"end":{"line":27,"column":null}},"8":{"start":{"line":26,"column":4},"end":{"line":26,"column":null}},"9":{"start":{"line":29,"column":2},"end":{"line":32,"column":null}}},"fnMap":{"0":{"name":"(anonymous_0)","decl":{"start":{"line":13,"column":61},"end":{"line":13,"column":62}},"loc":{"start":{"line":13,"column":83},"end":{"line":34,"column":null}},"line":13}},"branchMap":{"0":{"loc":{"start":{"line":17,"column":2},"end":{"line":19,"column":null}},"type":"if","locations":[{"start":{"line":17,"column":2},"end":{"line":19,"column":null}},{"start":{},"end":{}}],"line":17},"1":{"loc":{"start":{"line":21,"column":2},"end":{"line":23,"column":null}},"type":"if","locations":[{"start":{"line":21,"column":2},"end":{"line":23,"column":null}},{"start":{},"end":{}}],"line":21},"2":{"loc":{"start":{"line":25,"column":2},"end":{"line":27,"column":null}},"type":"if","locations":[{"start":{"line":25,"column":2},"end":{"line":27,"column":null}},{"start":{},"end":{}}],"line":25},"3":{"loc":{"start":{"line":25,"column":6},"end":{"line":25,"column":77}},"type":"binary-expr","locations":[{"start":{"line":25,"column":6},"end":{"line":25,"column":22}},{"start":{"line":25,"column":22},"end":{"line":25,"column":30}},{"start":{"line":25,"column":30},"end":{"line":25,"column":77}}],"line":25}},"s":{"0":1,"1":4,"2":4,"3":4,"4":1,"5":3,"6":1,"7":2,"8":1,"9":1},"f":{"0":4},"b":{"0":[1,3],"1":[1,2],"2":[1,1],"3":[2,1,1]},"meta":{"lastBranch":4,"lastFunction":1,"lastStatement":10,"seen":{"s:13:61:34:Infinity":0,"f:13:61:13:62":0,"s:14:43:14:Infinity":1,"s:15:8:15:Infinity":2,"b:17:2:19:Infinity:undefined:undefined:undefined:undefined":0,"s:17:2:19:Infinity":3,"s:18:4:18:Infinity":4,"b:21:2:23:Infinity:undefined:undefined:undefined:undefined":1,"s:21:2:23:Infinity":5,"s:22:4:22:Infinity":6,"b:25:2:27:Infinity:undefined:undefined:undefined:undefined":2,"s:25:2:27:Infinity":7,"b:25:6:25:22:25:22:25:30:25:30:25:77":3,"s:26:4:26:Infinity":8,"s:29:2:32:Infinity":9},"fnNames":{}}}
,"E:\\Projects\\whosonsite\\apps\\web\\src\\components\\auth\\PublicRoute.tsx": {"path":"E:\\Projects\\whosonsite\\apps\\web\\src\\components\\auth\\PublicRoute.tsx","statementMap":{"0":{"start":{"line":7,"column":37},"end":{"line":19,"column":null}},"1":{"start":{"line":8,"column":37},"end":{"line":8,"column":null}},"2":{"start":{"line":10,"column":2},"end":{"line":12,"column":null}},"3":{"start":{"line":11,"column":4},"end":{"line":11,"column":null}},"4":{"start":{"line":14,"column":2},"end":{"line":16,"column":null}},"5":{"start":{"line":15,"column":4},"end":{"line":15,"column":null}},"6":{"start":{"line":18,"column":2},"end":{"line":18,"column":null}}},"fnMap":{"0":{"name":"(anonymous_0)","decl":{"start":{"line":7,"column":37},"end":{"line":7,"column":43}},"loc":{"start":{"line":7,"column":43},"end":{"line":19,"column":null}},"line":7}},"branchMap":{"0":{"loc":{"start":{"line":10,"column":2},"end":{"line":12,"column":null}},"type":"if","locations":[{"start":{"line":10,"column":2},"end":{"line":12,"column":null}},{"start":{},"end":{}}],"line":10},"1":{"loc":{"start":{"line":14,"column":2},"end":{"line":16,"column":null}},"type":"if","locations":[{"start":{"line":14,"column":2},"end":{"line":16,"column":null}},{"start":{},"end":{}}],"line":14}},"s":{"0":0,"1":0,"2":0,"3":0,"4":0,"5":0,"6":0},"f":{"0":0},"b":{"0":[0,0],"1":[0,0]},"meta":{"lastBranch":2,"lastFunction":1,"lastStatement":7,"seen":{"s:7:37:19:Infinity":0,"f:7:37:7:43":0,"s:8:37:8:Infinity":1,"b:10:2:12:Infinity:undefined:undefined:undefined:undefined":0,"s:10:2:12:Infinity":2,"s:11:4:11:Infinity":3,"b:14:2:16:Infinity:undefined:undefined:undefined:undefined":1,"s:14:2:16:Infinity":4,"s:15:4:15:Infinity":5,"s:18:2:18:Infinity":6},"fnNames":{}}}
,"E:\\Projects\\whosonsite\\apps\\web\\src\\components\\auth\\TechnicianOnly.tsx": {"path":"E:\\Projects\\whosonsite\\apps\\web\\src\\components\\auth\\TechnicianOnly.tsx","statementMap":{"0":{"start":{"line":12,"column":61},"end":{"line":29,"column":null}},"1":{"start":{"line":13,"column":43},"end":{"line":13,"column":null}},"2":{"start":{"line":15,"column":2},"end":{"line":17,"column":null}},"3":{"start":{"line":16,"column":4},"end":{"line":16,"column":null}},"4":{"start":{"line":19,"column":2},"end":{"line":21,"column":null}},"5":{"start":{"line":20,"column":4},"end":{"line":20,"column":null}},"6":{"start":{"line":23,"column":23},"end":{"line":23,"column":null}},"7":{"start":{"line":24,"column":2},"end":{"line":26,"column":null}},"8":{"start":{"line":25,"column":4},"end":{"line":25,"column":null}},"9":{"start":{"line":28,"column":2},"end":{"line":28,"column":null}}},"fnMap":{"0":{"name":"(anonymous_0)","decl":{"start":{"line":12,"column":61},"end":{"line":12,"column":62}},"loc":{"start":{"line":12,"column":79},"end":{"line":29,"column":null}},"line":12}},"branchMap":{"0":{"loc":{"start":{"line":15,"column":2},"end":{"line":17,"column":null}},"type":"if","locations":[{"start":{"line":15,"column":2},"end":{"line":17,"column":null}},{"start":{},"end":{}}],"line":15},"1":{"loc":{"start":{"line":19,"column":2},"end":{"line":21,"column":null}},"type":"if","locations":[{"start":{"line":19,"column":2},"end":{"line":21,"column":null}},{"start":{},"end":{}}],"line":19},"2":{"loc":{"start":{"line":24,"column":2},"end":{"line":26,"column":null}},"type":"if","locations":[{"start":{"line":24,"column":2},"end":{"line":26,"column":null}},{"start":{},"end":{}}],"line":24},"3":{"loc":{"start":{"line":24,"column":6},"end":{"line":24,"column":62}},"type":"binary-expr","locations":[{"start":{"line":24,"column":6},"end":{"line":24,"column":15}},{"start":{"line":24,"column":15},"end":{"line":24,"column":62}}],"line":24}},"s":{"0":1,"1":4,"2":4,"3":1,"4":3,"5":1,"6":2,"7":2,"8":0,"9":2},"f":{"0":4},"b":{"0":[1,3],"1":[1,2],"2":[0,2],"3":[2,2]},"meta":{"lastBranch":4,"lastFunction":1,"lastStatement":10,"seen":{"s:12:61:29:Infinity":0,"f:12:61:12:62":0,"s:13:43:13:Infinity":1,"b:15:2:17:Infinity:undefined:undefined:undefined:undefined":0,"s:15:2:17:Infinity":2,"s:16:4:16:Infinity":3,"b:19:2:21:Infinity:undefined:undefined:undefined:undefined":1,"s:19:2:21:Infinity":4,"s:20:4:20:Infinity":5,"s:23:23:23:Infinity":6,"b:24:2:26:Infinity:undefined:undefined:undefined:undefined":2,"s:24:2:26:Infinity":7,"b:24:6:24:15:24:15:24:62":3,"s:25:4:25:Infinity":8,"s:28:2:28:Infinity":9},"fnNames":{}}}
,"E:\\Projects\\whosonsite\\apps\\web\\src\\components\\auth\\api.ts": {"path":"E:\\Projects\\whosonsite\\apps\\web\\src\\components\\auth\\api.ts","statementMap":{"0":{"start":{"line":11,"column":2},"end":{"line":15,"column":null}},"1":{"start":{"line":19,"column":2},"end":{"line":23,"column":null}},"2":{"start":{"line":27,"column":2},"end":{"line":29,"column":null}},"3":{"start":{"line":32,"column":59},"end":{"line":32,"column":null}},"4":{"start":{"line":35,"column":2},"end":{"line":37,"column":null}},"5":{"start":{"line":36,"column":4},"end":{"line":36,"column":null}},"6":{"start":{"line":39,"column":2},"end":{"line":44,"column":null}},"7":{"start":{"line":43,"column":4},"end":{"line":43,"column":null}},"8":{"start":{"line":46,"column":2},"end":{"line":46,"column":null}},"9":{"start":{"line":50,"column":2},"end":{"line":50,"column":null}}},"fnMap":{"0":{"name":"loginApi","decl":{"start":{"line":10,"column":22},"end":{"line":10,"column":31}},"loc":{"start":{"line":10,"column":74},"end":{"line":16,"column":null}},"line":10},"1":{"name":"registerApi","decl":{"start":{"line":18,"column":22},"end":{"line":18,"column":34}},"loc":{"start":{"line":18,"column":80},"end":{"line":24,"column":null}},"line":18},"2":{"name":"logoutApi","decl":{"start":{"line":26,"column":22},"end":{"line":26,"column":49}},"loc":{"start":{"line":26,"column":49},"end":{"line":30,"column":null}},"line":26},"3":{"name":"refreshApi","decl":{"start":{"line":34,"column":22},"end":{"line":34,"column":58}},"loc":{"start":{"line":34,"column":58},"end":{"line":47,"column":null}},"line":34},"4":{"name":"(anonymous_4)","decl":{"start":{"line":42,"column":13},"end":{"line":42,"column":19}},"loc":{"start":{"line":42,"column":19},"end":{"line":44,"column":3}},"line":42},"5":{"name":"getMeApi","decl":{"start":{"line":49,"column":22},"end":{"line":49,"column":84}},"loc":{"start":{"line":49,"column":84},"end":{"line":51,"column":null}},"line":49}},"branchMap":{"0":{"loc":{"start":{"line":35,"column":2},"end":{"line":37,"column":null}},"type":"if","locations":[{"start":{"line":35,"column":2},"end":{"line":37,"column":null}},{"start":{},"end":{}}],"line":35}},"s":{"0":0,"1":0,"2":0,"3":0,"4":0,"5":0,"6":0,"7":0,"8":0,"9":0},"f":{"0":0,"1":0,"2":0,"3":0,"4":0,"5":0},"b":{"0":[0,0]},"meta":{"lastBranch":1,"lastFunction":6,"lastStatement":10,"seen":{"f:10:22:10:31":0,"s:11:2:15:Infinity":0,"f:18:22:18:34":1,"s:19:2:23:Infinity":1,"f:26:22:26:49":2,"s:27:2:29:Infinity":2,"s:32:59:32:Infinity":3,"f:34:22:34:58":3,"b:35:2:37:Infinity:undefined:undefined:undefined:undefined":0,"s:35:2:37:Infinity":4,"s:36:4:36:Infinity":5,"s:39:2:44:Infinity":6,"f:42:13:42:19":4,"s:43:4:43:Infinity":7,"s:46:2:46:Infinity":8,"f:49:22:49:84":5,"s:50:2:50:Infinity":9},"fnNames":{}}}
,"E:\\Projects\\whosonsite\\apps\\web\\src\\components\\common\\ConfirmDialog.tsx": {"path":"E:\\Projects\\whosonsite\\apps\\web\\src\\components\\common\\ConfirmDialog.tsx","statementMap":{"0":{"start":{"line":18,"column":59},"end":{"line":47,"column":null}},"1":{"start":{"line":30,"column":12},"end":{"line":30,"column":null}},"2":{"start":{"line":32,"column":2},"end":{"line":45,"column":null}}},"fnMap":{"0":{"name":"(anonymous_0)","decl":{"start":{"line":18,"column":59},"end":{"line":18,"column":60}},"loc":{"start":{"line":29,"column":6},"end":{"line":47,"column":null}},"line":29}},"branchMap":{"0":{"loc":{"start":{"line":26,"column":2},"end":{"line":26,"column":null}},"type":"default-arg","locations":[{"start":{"line":26,"column":12},"end":{"line":26,"column":null}}],"line":26},"1":{"loc":{"start":{"line":27,"column":2},"end":{"line":27,"column":null}},"type":"default-arg","locations":[{"start":{"line":27,"column":10},"end":{"line":27,"column":null}}],"line":27},"2":{"loc":{"start":{"line":28,"column":2},"end":{"line":28,"column":null}},"type":"default-arg","locations":[{"start":{"line":28,"column":11},"end":{"line":28,"column":null}}],"line":28},"3":{"loc":{"start":{"line":39,"column":11},"end":{"line":39,"column":null}},"type":"binary-expr","locations":[{"start":{"line":39,"column":11},"end":{"line":39,"column":26}},{"start":{"line":39,"column":26},"end":{"line":39,"column":null}}],"line":39},"4":{"loc":{"start":{"line":42,"column":11},"end":{"line":42,"column":null}},"type":"binary-expr","locations":[{"start":{"line":42,"column":11},"end":{"line":42,"column":27}},{"start":{"line":42,"column":27},"end":{"line":42,"column":null}}],"line":42}},"s":{"0":0,"1":0,"2":0},"f":{"0":0},"b":{"0":[0],"1":[0],"2":[0],"3":[0,0],"4":[0,0]},"meta":{"lastBranch":5,"lastFunction":1,"lastStatement":3,"seen":{"s:18:59:47:Infinity":0,"f:18:59:18:60":0,"b:26:12:26:Infinity":0,"b:27:10:27:Infinity":1,"b:28:11:28:Infinity":2,"s:30:12:30:Infinity":1,"s:32:2:45:Infinity":2,"b:39:11:39:26:39:26:39:Infinity":3,"b:42:11:42:27:42:27:42:Infinity":4},"fnNames":{}}}
,"E:\\Projects\\whosonsite\\apps\\web\\src\\components\\common\\EmptyState.tsx": {"path":"E:\\Projects\\whosonsite\\apps\\web\\src\\components\\common\\EmptyState.tsx","statementMap":{"0":{"start":{"line":14,"column":53},"end":{"line":41,"column":null}},"1":{"start":{"line":21,"column":12},"end":{"line":21,"column":null}},"2":{"start":{"line":23,"column":2},"end":{"line":39,"column":null}}},"fnMap":{"0":{"name":"(anonymous_0)","decl":{"start":{"line":14,"column":53},"end":{"line":14,"column":54}},"loc":{"start":{"line":20,"column":6},"end":{"line":41,"column":null}},"line":20}},"branchMap":{"0":{"loc":{"start":{"line":26,"column":39},"end":{"line":26,"column":72}},"type":"binary-expr","locations":[{"start":{"line":26,"column":39},"end":{"line":26,"column":47}},{"start":{"line":26,"column":47},"end":{"line":26,"column":72}}],"line":26},"1":{"loc":{"start":{"line":27,"column":26},"end":{"line":27,"column":54}},"type":"binary-expr","locations":[{"start":{"line":27,"column":26},"end":{"line":27,"column":35}},{"start":{"line":27,"column":35},"end":{"line":27,"column":54}}],"line":27},"2":{"loc":{"start":{"line":28,"column":9},"end":{"line":31,"column":null}},"type":"binary-expr","locations":[{"start":{"line":28,"column":9},"end":{"line":28,"column":null}},{"start":{"line":29,"column":10},"end":{"line":31,"column":null}}],"line":28},"3":{"loc":{"start":{"line":33,"column":9},"end":{"line":36,"column":null}},"type":"binary-expr","locations":[{"start":{"line":33,"column":9},"end":{"line":33,"column":24}},{"start":{"line":33,"column":24},"end":{"line":33,"column":null}},{"start":{"line":34,"column":10},"end":{"line":36,"column":null}}],"line":33}},"s":{"0":0,"1":0,"2":0},"f":{"0":0},"b":{"0":[0,0],"1":[0,0],"2":[0,0],"3":[0,0,0]},"meta":{"lastBranch":4,"lastFunction":1,"lastStatement":3,"seen":{"s:14:53:41:Infinity":0,"f:14:53:14:54":0,"s:21:12:21:Infinity":1,"s:23:2:39:Infinity":2,"b:26:39:26:47:26:47:26:72":0,"b:27:26:27:35:27:35:27:54":1,"b:28:9:28:Infinity:29:10:31:Infinity":2,"b:33:9:33:24:33:24:33:Infinity:34:10:36:Infinity":3},"fnNames":{}}}
,"E:\\Projects\\whosonsite\\apps\\web\\src\\components\\common\\ErrorState.tsx": {"path":"E:\\Projects\\whosonsite\\apps\\web\\src\\components\\common\\ErrorState.tsx","statementMap":{"0":{"start":{"line":12,"column":53},"end":{"line":35,"column":null}},"1":{"start":{"line":13,"column":12},"end":{"line":13,"column":null}},"2":{"start":{"line":15,"column":2},"end":{"line":33,"column":null}}},"fnMap":{"0":{"name":"(anonymous_0)","decl":{"start":{"line":12,"column":53},"end":{"line":12,"column":54}},"loc":{"start":{"line":12,"column":86},"end":{"line":35,"column":null}},"line":12}},"branchMap":{"0":{"loc":{"start":{"line":19,"column":13},"end":{"line":19,"column":null}},"type":"binary-expr","locations":[{"start":{"line":19,"column":13},"end":{"line":19,"column":22}},{"start":{"line":19,"column":22},"end":{"line":19,"column":null}}],"line":19},"1":{"loc":{"start":{"line":24,"column":25},"end":{"line":24,"column":54}},"type":"binary-expr","locations":[{"start":{"line":24,"column":25},"end":{"line":24,"column":36}},{"start":{"line":24,"column":36},"end":{"line":24,"column":54}}],"line":24},"2":{"loc":{"start":{"line":25,"column":9},"end":{"line":30,"column":null}},"type":"binary-expr","locations":[{"start":{"line":25,"column":9},"end":{"line":25,"column":null}},{"start":{"line":26,"column":10},"end":{"line":30,"column":null}}],"line":25}},"s":{"0":0,"1":0,"2":0},"f":{"0":0},"b":{"0":[0,0],"1":[0,0],"2":[0,0]},"meta":{"lastBranch":3,"lastFunction":1,"lastStatement":3,"seen":{"s:12:53:35:Infinity":0,"f:12:53:12:54":0,"s:13:12:13:Infinity":1,"s:15:2:33:Infinity":2,"b:19:13:19:22:19:22:19:Infinity":0,"b:24:25:24:36:24:36:24:54":1,"b:25:9:25:Infinity:26:10:30:Infinity":2},"fnNames":{}}}
,"E:\\Projects\\whosonsite\\apps\\web\\src\\components\\common\\LoadingState.tsx": {"path":"E:\\Projects\\whosonsite\\apps\\web\\src\\components\\common\\LoadingState.tsx","statementMap":{"0":{"start":{"line":9,"column":57},"end":{"line":22,"column":null}},"1":{"start":{"line":10,"column":12},"end":{"line":10,"column":null}},"2":{"start":{"line":12,"column":2},"end":{"line":20,"column":null}}},"fnMap":{"0":{"name":"(anonymous_0)","decl":{"start":{"line":9,"column":57},"end":{"line":9,"column":58}},"loc":{"start":{"line":9,"column":74},"end":{"line":22,"column":null}},"line":9}},"branchMap":{"0":{"loc":{"start":{"line":17,"column":11},"end":{"line":17,"column":null}},"type":"binary-expr","locations":[{"start":{"line":17,"column":11},"end":{"line":17,"column":22}},{"start":{"line":17,"column":22},"end":{"line":17,"column":null}}],"line":17}},"s":{"0":0,"1":0,"2":0},"f":{"0":0},"b":{"0":[0,0]},"meta":{"lastBranch":1,"lastFunction":1,"lastStatement":3,"seen":{"s:9:57:22:Infinity":0,"f:9:57:9:58":0,"s:10:12:10:Infinity":1,"s:12:2:20:Infinity":2,"b:17:11:17:22:17:22:17:Infinity":0},"fnNames":{}}}
,"E:\\Projects\\whosonsite\\apps\\web\\src\\components\\common\\Logo.tsx": {"path":"E:\\Projects\\whosonsite\\apps\\web\\src\\components\\common\\Logo.tsx","statementMap":{"0":{"start":{"line":12,"column":2},"end":{"line":12,"column":null}},"1":{"start":{"line":19,"column":41},"end":{"line":49,"column":null}},"2":{"start":{"line":25,"column":2},"end":{"line":47,"column":null}}},"fnMap":{"0":{"name":"getLogoSvgString","decl":{"start":{"line":11,"column":16},"end":{"line":11,"column":33}},"loc":{"start":{"line":11,"column":72},"end":{"line":13,"column":null}},"line":11},"1":{"name":"(anonymous_1)","decl":{"start":{"line":19,"column":41},"end":{"line":19,"column":42}},"loc":{"start":{"line":24,"column":6},"end":{"line":49,"column":null}},"line":24}},"branchMap":{"0":{"loc":{"start":{"line":11,"column":33},"end":{"line":11,"column":72}},"type":"default-arg","locations":[{"start":{"line":11,"column":53},"end":{"line":11,"column":72}}],"line":11},"1":{"loc":{"start":{"line":20,"column":2},"end":{"line":20,"column":null}},"type":"default-arg","locations":[{"start":{"line":20,"column":9},"end":{"line":20,"column":null}}],"line":20},"2":{"loc":{"start":{"line":21,"column":2},"end":{"line":21,"column":null}},"type":"default-arg","locations":[{"start":{"line":21,"column":10},"end":{"line":21,"column":null}}],"line":21}},"s":{"0":0,"1":2,"2":56},"f":{"0":0,"1":56},"b":{"0":[0],"1":[56],"2":[56]},"meta":{"lastBranch":3,"lastFunction":2,"lastStatement":3,"seen":{"f:11:16:11:33":0,"b:11:53:11:72":0,"s:12:2:12:Infinity":0,"s:19:41:49:Infinity":1,"f:19:41:19:42":1,"b:20:9:20:Infinity":1,"b:21:10:21:Infinity":2,"s:25:2:47:Infinity":2},"fnNames":{}}}
,"E:\\Projects\\whosonsite\\apps\\web\\src\\components\\common\\PageHeader.tsx": {"path":"E:\\Projects\\whosonsite\\apps\\web\\src\\components\\common\\PageHeader.tsx","statementMap":{"0":{"start":{"line":12,"column":53},"end":{"line":37,"column":null}},"1":{"start":{"line":19,"column":18},"end":{"line":19,"column":null}},"2":{"start":{"line":20,"column":21},"end":{"line":20,"column":null}},"3":{"start":{"line":22,"column":2},"end":{"line":35,"column":null}}},"fnMap":{"0":{"name":"(anonymous_0)","decl":{"start":{"line":12,"column":53},"end":{"line":12,"column":54}},"loc":{"start":{"line":18,"column":6},"end":{"line":37,"column":null}},"line":18}},"branchMap":{"0":{"loc":{"start":{"line":19,"column":18},"end":{"line":19,"column":null}},"type":"binary-expr","locations":[{"start":{"line":19,"column":18},"end":{"line":19,"column":33}},{"start":{"line":19,"column":33},"end":{"line":19,"column":null}}],"line":19},"1":{"loc":{"start":{"line":20,"column":21},"end":{"line":20,"column":null}},"type":"binary-expr","locations":[{"start":{"line":20,"column":21},"end":{"line":20,"column":31}},{"start":{"line":20,"column":31},"end":{"line":20,"column":null}}],"line":20},"2":{"loc":{"start":{"line":28,"column":9},"end":{"line":31,"column":null}},"type":"binary-expr","locations":[{"start":{"line":28,"column":9},"end":{"line":28,"column":null}},{"start":{"line":29,"column":10},"end":{"line":31,"column":null}}],"line":28},"3":{"loc":{"start":{"line":34,"column":7},"end":{"line":34,"column":null}},"type":"binary-expr","locations":[{"start":{"line":34,"column":7},"end":{"line":34,"column":21}},{"start":{"line":34,"column":21},"end":{"line":34,"column":null}}],"line":34}},"s":{"0":1,"1":3,"2":3,"3":3},"f":{"0":3},"b":{"0":[3,2],"1":[3,2],"2":[3,1],"3":[3,1]},"meta":{"lastBranch":4,"lastFunction":1,"lastStatement":4,"seen":{"s:12:53:37:Infinity":0,"f:12:53:12:54":0,"s:19:18:19:Infinity":1,"b:19:18:19:33:19:33:19:Infinity":0,"s:20:21:20:Infinity":2,"b:20:21:20:31:20:31:20:Infinity":1,"s:22:2:35:Infinity":3,"b:28:9:28:Infinity:29:10:31:Infinity":2,"b:34:7:34:21:34:21:34:Infinity":3},"fnNames":{}}}
,"E:\\Projects\\whosonsite\\apps\\web\\src\\components\\common\\StatusBadge.tsx": {"path":"E:\\Projects\\whosonsite\\apps\\web\\src\\components\\common\\StatusBadge.tsx","statementMap":{"0":{"start":{"line":15,"column":55},"end":{"line":35,"column":null}},"1":{"start":{"line":16,"column":12},"end":{"line":16,"column":null}},"2":{"start":{"line":18,"column":28},"end":{"line":18,"column":null}},"3":{"start":{"line":20,"column":2},"end":{"line":26,"column":null}},"4":{"start":{"line":21,"column":4},"end":{"line":21,"column":null}},"5":{"start":{"line":22,"column":2},"end":{"line":26,"column":null}},"6":{"start":{"line":23,"column":4},"end":{"line":23,"column":null}},"7":{"start":{"line":25,"column":4},"end":{"line":25,"column":null}},"8":{"start":{"line":28,"column":26},"end":{"line":28,"column":null}},"9":{"start":{"line":30,"column":2},"end":{"line":33,"column":null}}},"fnMap":{"0":{"name":"(anonymous_0)","decl":{"start":{"line":15,"column":55},"end":{"line":15,"column":56}},"loc":{"start":{"line":15,"column":84},"end":{"line":35,"column":null}},"line":15}},"branchMap":{"0":{"loc":{"start":{"line":15,"column":66},"end":{"line":15,"column":78}},"type":"default-arg","locations":[{"start":{"line":15,"column":73},"end":{"line":15,"column":78}}],"line":15},"1":{"loc":{"start":{"line":20,"column":2},"end":{"line":26,"column":null}},"type":"if","locations":[{"start":{"line":20,"column":2},"end":{"line":26,"column":null}},{"start":{"line":22,"column":2},"end":{"line":26,"column":null}}],"line":20},"2":{"loc":{"start":{"line":22,"column":2},"end":{"line":26,"column":null}},"type":"if","locations":[{"start":{"line":22,"column":2},"end":{"line":26,"column":null}},{"start":{"line":24,"column":9},"end":{"line":26,"column":null}}],"line":22}},"s":{"0":1,"1":3,"2":3,"3":3,"4":1,"5":2,"6":1,"7":1,"8":3,"9":3},"f":{"0":3},"b":{"0":[3],"1":[1,2],"2":[1,1]},"meta":{"lastBranch":3,"lastFunction":1,"lastStatement":10,"seen":{"s:15:55:35:Infinity":0,"f:15:55:15:56":0,"b:15:73:15:78":0,"s:16:12:16:Infinity":1,"s:18:28:18:Infinity":2,"b:20:2:26:Infinity:22:2:26:Infinity":1,"s:20:2:26:Infinity":3,"s:21:4:21:Infinity":4,"b:22:2:26:Infinity:24:9:26:Infinity":2,"s:22:2:26:Infinity":5,"s:23:4:23:Infinity":6,"s:25:4:25:Infinity":7,"s:28:26:28:Infinity":8,"s:30:2:33:Infinity":9},"fnNames":{}}}
,"E:\\Projects\\whosonsite\\apps\\web\\src\\components\\customers\\Form.tsx": {"path":"E:\\Projects\\whosonsite\\apps\\web\\src\\components\\customers\\Form.tsx","statementMap":{"0":{"start":{"line":15,"column":71},"end":{"line":153,"column":null}},"1":{"start":{"line":20,"column":12},"end":{"line":20,"column":null}},"2":{"start":{"line":21,"column":8},"end":{"line":21,"column":null}},"3":{"start":{"line":23,"column":22},"end":{"line":23,"column":null}},"4":{"start":{"line":24,"column":26},"end":{"line":24,"column":null}},"5":{"start":{"line":25,"column":28},"end":{"line":25,"column":null}},"6":{"start":{"line":26,"column":24},"end":{"line":26,"column":null}},"7":{"start":{"line":27,"column":36},"end":{"line":32,"column":null}},"8":{"start":{"line":34,"column":22},"end":{"line":40,"column":null}},"9":{"start":{"line":35,"column":4},"end":{"line":35,"column":null}},"10":{"start":{"line":36,"column":4},"end":{"line":36,"column":null}},"11":{"start":{"line":37,"column":4},"end":{"line":37,"column":null}},"12":{"start":{"line":38,"column":4},"end":{"line":38,"column":null}},"13":{"start":{"line":39,"column":4},"end":{"line":39,"column":null}},"14":{"start":{"line":42,"column":22},"end":{"line":45,"column":null}},"15":{"start":{"line":43,"column":4},"end":{"line":43,"column":null}},"16":{"start":{"line":44,"column":4},"end":{"line":44,"column":null}},"17":{"start":{"line":47,"column":23},"end":{"line":80,"column":null}},"18":{"start":{"line":48,"column":4},"end":{"line":48,"column":null}},"19":{"start":{"line":49,"column":4},"end":{"line":49,"column":null}},"20":{"start":{"line":51,"column":20},"end":{"line":56,"column":null}},"21":{"start":{"line":58,"column":24},"end":{"line":58,"column":null}},"22":{"start":{"line":59,"column":4},"end":{"line":69,"column":null}},"23":{"start":{"line":60,"column":94},"end":{"line":60,"column":null}},"24":{"start":{"line":61,"column":6},"end":{"line":66,"column":null}},"25":{"start":{"line":62,"column":22},"end":{"line":62,"column":null}},"26":{"start":{"line":63,"column":8},"end":{"line":65,"column":null}},"27":{"start":{"line":64,"column":10},"end":{"line":64,"column":null}},"28":{"start":{"line":67,"column":6},"end":{"line":67,"column":null}},"29":{"start":{"line":68,"column":6},"end":{"line":68,"column":null}},"30":{"start":{"line":71,"column":4},"end":{"line":79,"column":null}},"31":{"start":{"line":72,"column":22},"end":{"line":72,"column":null}},"32":{"start":{"line":73,"column":6},"end":{"line":73,"column":null}},"33":{"start":{"line":74,"column":6},"end":{"line":76,"column":null}},"34":{"start":{"line":75,"column":8},"end":{"line":75,"column":null}},"35":{"start":{"line":82,"column":2},"end":{"line":151,"column":null}},"36":{"start":{"line":99,"column":14},"end":{"line":99,"column":null}},"37":{"start":{"line":100,"column":14},"end":{"line":100,"column":null}},"38":{"start":{"line":100,"column":36},"end":{"line":100,"column":null}},"39":{"start":{"line":100,"column":62},"end":{"line":100,"column":91}},"40":{"start":{"line":111,"column":14},"end":{"line":111,"column":null}},"41":{"start":{"line":112,"column":14},"end":{"line":112,"column":null}},"42":{"start":{"line":112,"column":38},"end":{"line":112,"column":null}},"43":{"start":{"line":112,"column":64},"end":{"line":112,"column":95}},"44":{"start":{"line":123,"column":14},"end":{"line":123,"column":null}},"45":{"start":{"line":124,"column":14},"end":{"line":124,"column":null}},"46":{"start":{"line":124,"column":39},"end":{"line":124,"column":null}},"47":{"start":{"line":124,"column":65},"end":{"line":124,"column":97}},"48":{"start":{"line":135,"column":14},"end":{"line":135,"column":null}},"49":{"start":{"line":136,"column":14},"end":{"line":136,"column":null}},"50":{"start":{"line":136,"column":37},"end":{"line":136,"column":null}},"51":{"start":{"line":136,"column":63},"end":{"line":136,"column":93}}},"fnMap":{"0":{"name":"(anonymous_0)","decl":{"start":{"line":15,"column":71},"end":{"line":15,"column":72}},"loc":{"start":{"line":19,"column":6},"end":{"line":153,"column":null}},"line":19},"1":{"name":"(anonymous_1)","decl":{"start":{"line":34,"column":22},"end":{"line":34,"column":28}},"loc":{"start":{"line":34,"column":28},"end":{"line":40,"column":null}},"line":34},"2":{"name":"(anonymous_2)","decl":{"start":{"line":42,"column":22},"end":{"line":42,"column":28}},"loc":{"start":{"line":42,"column":28},"end":{"line":45,"column":null}},"line":42},"3":{"name":"(anonymous_3)","decl":{"start":{"line":47,"column":23},"end":{"line":47,"column":30}},"loc":{"start":{"line":47,"column":53},"end":{"line":80,"column":null}},"line":47},"4":{"name":"(anonymous_4)","decl":{"start":{"line":61,"column":39},"end":{"line":61,"column":40}},"loc":{"start":{"line":61,"column":96},"end":{"line":66,"column":7}},"line":61},"5":{"name":"(anonymous_5)","decl":{"start":{"line":98,"column":22},"end":{"line":98,"column":23}},"loc":{"start":{"line":98,"column":29},"end":{"line":101,"column":null}},"line":98},"6":{"name":"(anonymous_6)","decl":{"start":{"line":100,"column":51},"end":{"line":100,"column":52}},"loc":{"start":{"line":100,"column":62},"end":{"line":100,"column":91}},"line":100},"7":{"name":"(anonymous_7)","decl":{"start":{"line":110,"column":22},"end":{"line":110,"column":23}},"loc":{"start":{"line":110,"column":29},"end":{"line":113,"column":null}},"line":110},"8":{"name":"(anonymous_8)","decl":{"start":{"line":112,"column":53},"end":{"line":112,"column":54}},"loc":{"start":{"line":112,"column":64},"end":{"line":112,"column":95}},"line":112},"9":{"name":"(anonymous_9)","decl":{"start":{"line":122,"column":22},"end":{"line":122,"column":23}},"loc":{"start":{"line":122,"column":29},"end":{"line":125,"column":null}},"line":122},"10":{"name":"(anonymous_10)","decl":{"start":{"line":124,"column":54},"end":{"line":124,"column":55}},"loc":{"start":{"line":124,"column":65},"end":{"line":124,"column":97}},"line":124},"11":{"name":"(anonymous_11)","decl":{"start":{"line":134,"column":22},"end":{"line":134,"column":23}},"loc":{"start":{"line":134,"column":29},"end":{"line":137,"column":null}},"line":134},"12":{"name":"(anonymous_12)","decl":{"start":{"line":136,"column":52},"end":{"line":136,"column":53}},"loc":{"start":{"line":136,"column":63},"end":{"line":136,"column":93}},"line":136}},"branchMap":{"0":{"loc":{"start":{"line":55,"column":13},"end":{"line":55,"column":null}},"type":"binary-expr","locations":[{"start":{"line":55,"column":13},"end":{"line":55,"column":29}},{"start":{"line":55,"column":29},"end":{"line":55,"column":null}}],"line":55},"1":{"loc":{"start":{"line":59,"column":4},"end":{"line":69,"column":null}},"type":"if","locations":[{"start":{"line":59,"column":4},"end":{"line":69,"column":null}},{"start":{},"end":{}}],"line":59},"2":{"loc":{"start":{"line":63,"column":8},"end":{"line":65,"column":null}},"type":"if","locations":[{"start":{"line":63,"column":8},"end":{"line":65,"column":null}},{"start":{},"end":{}}],"line":63},"3":{"loc":{"start":{"line":63,"column":12},"end":{"line":63,"column":40}},"type":"binary-expr","locations":[{"start":{"line":63,"column":12},"end":{"line":63,"column":21}},{"start":{"line":63,"column":21},"end":{"line":63,"column":40}}],"line":63},"4":{"loc":{"start":{"line":74,"column":6},"end":{"line":76,"column":null}},"type":"if","locations":[{"start":{"line":74,"column":6},"end":{"line":76,"column":null}},{"start":{},"end":{}}],"line":74},"5":{"loc":{"start":{"line":100,"column":14},"end":{"line":100,"column":null}},"type":"if","locations":[{"start":{"line":100,"column":14},"end":{"line":100,"column":null}},{"start":{},"end":{}}],"line":100},"6":{"loc":{"start":{"line":112,"column":14},"end":{"line":112,"column":null}},"type":"if","locations":[{"start":{"line":112,"column":14},"end":{"line":112,"column":null}},{"start":{},"end":{}}],"line":112},"7":{"loc":{"start":{"line":124,"column":14},"end":{"line":124,"column":null}},"type":"if","locations":[{"start":{"line":124,"column":14},"end":{"line":124,"column":null}},{"start":{},"end":{}}],"line":124},"8":{"loc":{"start":{"line":136,"column":14},"end":{"line":136,"column":null}},"type":"if","locations":[{"start":{"line":136,"column":14},"end":{"line":136,"column":null}},{"start":{},"end":{}}],"line":136}},"s":{"0":0,"1":0,"2":0,"3":0,"4":0,"5":0,"6":0,"7":0,"8":0,"9":0,"10":0,"11":0,"12":0,"13":0,"14":0,"15":0,"16":0,"17":0,"18":0,"19":0,"20":0,"21":0,"22":0,"23":0,"24":0,"25":0,"26":0,"27":0,"28":0,"29":0,"30":0,"31":0,"32":0,"33":0,"34":0,"35":0,"36":0,"37":0,"38":0,"39":0,"40":0,"41":0,"42":0,"43":0,"44":0,"45":0,"46":0,"47":0,"48":0,"49":0,"50":0,"51":0},"f":{"0":0,"1":0,"2":0,"3":0,"4":0,"5":0,"6":0,"7":0,"8":0,"9":0,"10":0,"11":0,"12":0},"b":{"0":[0,0],"1":[0,0],"2":[0,0],"3":[0,0],"4":[0,0],"5":[0,0],"6":[0,0],"7":[0,0],"8":[0,0]},"meta":{"lastBranch":9,"lastFunction":13,"lastStatement":52,"seen":{"s:15:71:153:Infinity":0,"f:15:71:15:72":0,"s:20:12:20:Infinity":1,"s:21:8:21:Infinity":2,"s:23:22:23:Infinity":3,"s:24:26:24:Infinity":4,"s:25:28:25:Infinity":5,"s:26:24:26:Infinity":6,"s:27:36:32:Infinity":7,"s:34:22:40:Infinity":8,"f:34:22:34:28":1,"s:35:4:35:Infinity":9,"s:36:4:36:Infinity":10,"s:37:4:37:Infinity":11,"s:38:4:38:Infinity":12,"s:39:4:39:Infinity":13,"s:42:22:45:Infinity":14,"f:42:22:42:28":2,"s:43:4:43:Infinity":15,"s:44:4:44:Infinity":16,"s:47:23:80:Infinity":17,"f:47:23:47:30":3,"s:48:4:48:Infinity":18,"s:49:4:49:Infinity":19,"s:51:20:56:Infinity":20,"b:55:13:55:29:55:29:55:Infinity":0,"s:58:24:58:Infinity":21,"b:59:4:69:Infinity:undefined:undefined:undefined:undefined":1,"s:59:4:69:Infinity":22,"s:60:94:60:Infinity":23,"s:61:6:66:Infinity":24,"f:61:39:61:40":4,"s:62:22:62:Infinity":25,"b:63:8:65:Infinity:undefined:undefined:undefined:undefined":2,"s:63:8:65:Infinity":26,"b:63:12:63:21:63:21:63:40":3,"s:64:10:64:Infinity":27,"s:67:6:67:Infinity":28,"s:68:6:68:Infinity":29,"s:71:4:79:Infinity":30,"s:72:22:72:Infinity":31,"s:73:6:73:Infinity":32,"b:74:6:76:Infinity:undefined:undefined:undefined:undefined":4,"s:74:6:76:Infinity":33,"s:75:8:75:Infinity":34,"s:82:2:151:Infinity":35,"f:98:22:98:23":5,"s:99:14:99:Infinity":36,"b:100:14:100:Infinity:undefined:undefined:undefined:undefined":5,"s:100:14:100:Infinity":37,"s:100:36:100:Infinity":38,"f:100:51:100:52":6,"s:100:62:100:91":39,"f:110:22:110:23":7,"s:111:14:111:Infinity":40,"b:112:14:112:Infinity:undefined:undefined:undefined:undefined":6,"s:112:14:112:Infinity":41,"s:112:38:112:Infinity":42,"f:112:53:112:54":8,"s:112:64:112:95":43,"f:122:22:122:23":9,"s:123:14:123:Infinity":44,"b:124:14:124:Infinity:undefined:undefined:undefined:undefined":7,"s:124:14:124:Infinity":45,"s:124:39:124:Infinity":46,"f:124:54:124:55":10,"s:124:65:124:97":47,"f:134:22:134:23":11,"s:135:14:135:Infinity":48,"b:136:14:136:Infinity:undefined:undefined:undefined:undefined":8,"s:136:14:136:Infinity":49,"s:136:37:136:Infinity":50,"f:136:52:136:53":12,"s:136:63:136:93":51},"fnNames":{}}}
,"E:\\Projects\\whosonsite\\apps\\web\\src\\components\\customers\\List.tsx": {"path":"E:\\Projects\\whosonsite\\apps\\web\\src\\components\\customers\\List.tsx","statementMap":{"0":{"start":{"line":10,"column":38},"end":{"line":119,"column":null}},"1":{"start":{"line":11,"column":12},"end":{"line":11,"column":null}},"2":{"start":{"line":12,"column":36},"end":{"line":12,"column":null}},"3":{"start":{"line":14,"column":49},"end":{"line":14,"column":null}},"4":{"start":{"line":16,"column":28},"end":{"line":25,"column":null}},"5":{"start":{"line":17,"column":4},"end":{"line":17,"column":null}},"6":{"start":{"line":17,"column":29},"end":{"line":17,"column":null}},"7":{"start":{"line":18,"column":14},"end":{"line":18,"column":null}},"8":{"start":{"line":19,"column":4},"end":{"line":23,"column":null}},"9":{"start":{"line":27,"column":2},"end":{"line":117,"column":null}},"10":{"start":{"line":37,"column":29},"end":{"line":37,"column":null}},"11":{"start":{"line":76,"column":16},"end":{"line":111,"column":null}}},"fnMap":{"0":{"name":"(anonymous_0)","decl":{"start":{"line":10,"column":38},"end":{"line":10,"column":44}},"loc":{"start":{"line":10,"column":44},"end":{"line":119,"column":null}},"line":10},"1":{"name":"(anonymous_1)","decl":{"start":{"line":16,"column":45},"end":{"line":16,"column":46}},"loc":{"start":{"line":16,"column":52},"end":{"line":25,"column":3}},"line":16},"2":{"name":"(anonymous_2)","decl":{"start":{"line":37,"column":22},"end":{"line":37,"column":23}},"loc":{"start":{"line":37,"column":29},"end":{"line":37,"column":null}},"line":37},"3":{"name":"(anonymous_3)","decl":{"start":{"line":75,"column":36},"end":{"line":75,"column":37}},"loc":{"start":{"line":76,"column":16},"end":{"line":111,"column":null}},"line":76}},"branchMap":{"0":{"loc":{"start":{"line":14,"column":16},"end":{"line":14,"column":32}},"type":"default-arg","locations":[{"start":{"line":14,"column":28},"end":{"line":14,"column":32}}],"line":14},"1":{"loc":{"start":{"line":17,"column":4},"end":{"line":17,"column":null}},"type":"if","locations":[{"start":{"line":17,"column":4},"end":{"line":17,"column":null}},{"start":{},"end":{}}],"line":17},"2":{"loc":{"start":{"line":20,"column":6},"end":{"line":23,"column":null}},"type":"binary-expr","locations":[{"start":{"line":20,"column":6},"end":{"line":20,"column":null}},{"start":{"line":21,"column":6},"end":{"line":21,"column":null}},{"start":{"line":22,"column":6},"end":{"line":22,"column":null}},{"start":{"line":23,"column":7},"end":{"line":23,"column":18}},{"start":{"line":23,"column":18},"end":{"line":23,"column":null}}],"line":20},"3":{"loc":{"start":{"line":58,"column":13},"end":{"line":112,"column":null}},"type":"cond-expr","locations":[{"start":{"line":59,"column":14},"end":{"line":65,"column":null}},{"start":{"line":66,"column":16},"end":{"line":112,"column":null}}],"line":58},"4":{"loc":{"start":{"line":66,"column":16},"end":{"line":112,"column":null}},"type":"cond-expr","locations":[{"start":{"line":67,"column":14},"end":{"line":73,"column":null}},{"start":{"line":75,"column":14},"end":{"line":112,"column":null}}],"line":66},"5":{"loc":{"start":{"line":95,"column":21},"end":{"line":103,"column":null}},"type":"cond-expr","locations":[{"start":{"line":96,"column":22},"end":{"line":99,"column":null}},{"start":{"line":101,"column":22},"end":{"line":103,"column":null}}],"line":95}},"s":{"0":0,"1":0,"2":0,"3":0,"4":0,"5":0,"6":0,"7":0,"8":0,"9":0,"10":0,"11":0},"f":{"0":0,"1":0,"2":0,"3":0},"b":{"0":[0],"1":[0,0],"2":[0,0,0,0,0],"3":[0,0],"4":[0,0],"5":[0,0]},"meta":{"lastBranch":6,"lastFunction":4,"lastStatement":12,"seen":{"s:10:38:119:Infinity":0,"f:10:38:10:44":0,"s:11:12:11:Infinity":1,"s:12:36:12:Infinity":2,"s:14:49:14:Infinity":3,"b:14:28:14:32":0,"s:16:28:25:Infinity":4,"f:16:45:16:46":1,"b:17:4:17:Infinity:undefined:undefined:undefined:undefined":1,"s:17:4:17:Infinity":5,"s:17:29:17:Infinity":6,"s:18:14:18:Infinity":7,"s:19:4:23:Infinity":8,"b:20:6:20:Infinity:21:6:21:Infinity:22:6:22:Infinity:23:7:23:18:23:18:23:Infinity":2,"s:27:2:117:Infinity":9,"f:37:22:37:23":2,"s:37:29:37:Infinity":10,"b:59:14:65:Infinity:66:16:112:Infinity":3,"b:67:14:73:Infinity:75:14:112:Infinity":4,"f:75:36:75:37":3,"s:76:16:111:Infinity":11,"b:96:22:99:Infinity:101:22:103:Infinity":5},"fnNames":{}}}
,"E:\\Projects\\whosonsite\\apps\\web\\src\\components\\customers\\api.ts": {"path":"E:\\Projects\\whosonsite\\apps\\web\\src\\components\\customers\\api.ts","statementMap":{"0":{"start":{"line":5,"column":16},"end":{"line":5,"column":null}},"1":{"start":{"line":6,"column":2},"end":{"line":6,"column":null}},"2":{"start":{"line":10,"column":2},"end":{"line":13,"column":null}}},"fnMap":{"0":{"name":"listCustomers","decl":{"start":{"line":4,"column":22},"end":{"line":4,"column":36}},"loc":{"start":{"line":4,"column":77},"end":{"line":7,"column":null}},"line":4},"1":{"name":"createCustomer","decl":{"start":{"line":9,"column":22},"end":{"line":9,"column":37}},"loc":{"start":{"line":9,"column":87},"end":{"line":14,"column":null}},"line":9}},"branchMap":{"0":{"loc":{"start":{"line":5,"column":16},"end":{"line":5,"column":null}},"type":"cond-expr","locations":[{"start":{"line":5,"column":25},"end":{"line":5,"column":67}},{"start":{"line":5,"column":67},"end":{"line":5,"column":null}}],"line":5}},"s":{"0":0,"1":0,"2":0},"f":{"0":0,"1":0},"b":{"0":[0,0]},"meta":{"lastBranch":1,"lastFunction":2,"lastStatement":3,"seen":{"f:4:22:4:36":0,"s:5:16:5:Infinity":0,"b:5:25:5:67:5:67:5:Infinity":0,"s:6:2:6:Infinity":1,"f:9:22:9:37":1,"s:10:2:13:Infinity":2},"fnNames":{}}}
,"E:\\Projects\\whosonsite\\apps\\web\\src\\components\\customers\\queries.ts": {"path":"E:\\Projects\\whosonsite\\apps\\web\\src\\components\\customers\\queries.ts","statementMap":{"0":{"start":{"line":8,"column":2},"end":{"line":11,"column":null}},"1":{"start":{"line":10,"column":13},"end":{"line":10,"column":null}},"2":{"start":{"line":15,"column":8},"end":{"line":15,"column":null}},"3":{"start":{"line":16,"column":2},"end":{"line":21,"column":null}},"4":{"start":{"line":17,"column":17},"end":{"line":17,"column":null}},"5":{"start":{"line":19,"column":6},"end":{"line":19,"column":null}}},"fnMap":{"0":{"name":"useCustomers","decl":{"start":{"line":7,"column":16},"end":{"line":7,"column":29}},"loc":{"start":{"line":7,"column":46},"end":{"line":12,"column":null}},"line":7},"1":{"name":"(anonymous_1)","decl":{"start":{"line":10,"column":13},"end":{"line":10,"column":19}},"loc":{"start":{"line":10,"column":13},"end":{"line":10,"column":null}},"line":10},"2":{"name":"useCreateCustomer","decl":{"start":{"line":14,"column":16},"end":{"line":14,"column":36}},"loc":{"start":{"line":14,"column":36},"end":{"line":22,"column":null}},"line":14},"3":{"name":"(anonymous_3)","decl":{"start":{"line":17,"column":16},"end":{"line":17,"column":17}},"loc":{"start":{"line":17,"column":17},"end":{"line":17,"column":null}},"line":17},"4":{"name":"(anonymous_4)","decl":{"start":{"line":18,"column":15},"end":{"line":18,"column":21}},"loc":{"start":{"line":18,"column":21},"end":{"line":20,"column":null}},"line":18}},"branchMap":{"0":{"loc":{"start":{"line":9,"column":32},"end":{"line":9,"column":63}},"type":"cond-expr","locations":[{"start":{"line":9,"column":41},"end":{"line":9,"column":54}},{"start":{"line":9,"column":54},"end":{"line":9,"column":63}}],"line":9}},"s":{"0":0,"1":0,"2":0,"3":0,"4":0,"5":0},"f":{"0":0,"1":0,"2":0,"3":0,"4":0},"b":{"0":[0,0]},"meta":{"lastBranch":1,"lastFunction":5,"lastStatement":6,"seen":{"f:7:16:7:29":0,"s:8:2:11:Infinity":0,"b:9:41:9:54:9:54:9:63":0,"f:10:13:10:19":1,"s:10:13:10:Infinity":1,"f:14:16:14:36":2,"s:15:8:15:Infinity":2,"s:16:2:21:Infinity":3,"f:17:16:17:17":3,"s:17:17:17:Infinity":4,"f:18:15:18:21":4,"s:19:6:19:Infinity":5},"fnNames":{}}}
,"E:\\Projects\\whosonsite\\apps\\web\\src\\components\\dispatch\\DispatchMap.tsx": {"path":"E:\\Projects\\whosonsite\\apps\\web\\src\\components\\dispatch\\DispatchMap.tsx","statementMap":{"0":{"start":{"line":27,"column":41},"end":{"line":27,"column":null}},"1":{"start":{"line":28,"column":21},"end":{"line":28,"column":null}},"2":{"start":{"line":32,"column":13},"end":{"line":32,"column":null}},"3":{"start":{"line":33,"column":2},"end":{"line":36,"column":null}},"4":{"start":{"line":33,"column":15},"end":{"line":33,"column":18}},"5":{"start":{"line":34,"column":4},"end":{"line":34,"column":null}},"6":{"start":{"line":35,"column":4},"end":{"line":35,"column":null}},"7":{"start":{"line":37,"column":19},"end":{"line":37,"column":null}},"8":{"start":{"line":38,"column":19},"end":{"line":38,"column":null}},"9":{"start":{"line":40,"column":16},"end":{"line":40,"column":null}},"10":{"start":{"line":41,"column":2},"end":{"line":43,"column":null}},"11":{"start":{"line":42,"column":4},"end":{"line":42,"column":null}},"12":{"start":{"line":44,"column":2},"end":{"line":46,"column":null}},"13":{"start":{"line":45,"column":4},"end":{"line":45,"column":null}},"14":{"start":{"line":47,"column":2},"end":{"line":47,"column":null}},"15":{"start":{"line":52,"column":2},"end":{"line":67,"column":null}},"16":{"start":{"line":53,"column":16},"end":{"line":53,"column":null}},"17":{"start":{"line":54,"column":4},"end":{"line":56,"column":null}},"18":{"start":{"line":55,"column":6},"end":{"line":55,"column":null}},"19":{"start":{"line":57,"column":4},"end":{"line":59,"column":null}},"20":{"start":{"line":58,"column":6},"end":{"line":58,"column":null}},"21":{"start":{"line":60,"column":4},"end":{"line":66,"column":null}},"22":{"start":{"line":61,"column":18},"end":{"line":61,"column":null}},"23":{"start":{"line":62,"column":18},"end":{"line":62,"column":null}},"24":{"start":{"line":63,"column":6},"end":{"line":65,"column":null}},"25":{"start":{"line":64,"column":8},"end":{"line":64,"column":null}},"26":{"start":{"line":69,"column":2},"end":{"line":74,"column":null}},"27":{"start":{"line":70,"column":18},"end":{"line":70,"column":null}},"28":{"start":{"line":71,"column":4},"end":{"line":73,"column":null}},"29":{"start":{"line":72,"column":6},"end":{"line":72,"column":null}},"30":{"start":{"line":77,"column":2},"end":{"line":79,"column":null}},"31":{"start":{"line":78,"column":4},"end":{"line":78,"column":null}},"32":{"start":{"line":81,"column":2},"end":{"line":81,"column":null}},"33":{"start":{"line":85,"column":16},"end":{"line":85,"column":null}},"34":{"start":{"line":86,"column":22},"end":{"line":86,"column":null}},"35":{"start":{"line":87,"column":22},"end":{"line":87,"column":null}},"36":{"start":{"line":88,"column":19},"end":{"line":88,"column":null}},"37":{"start":{"line":90,"column":2},"end":{"line":118,"column":null}},"38":{"start":{"line":122,"column":16},"end":{"line":122,"column":null}},"39":{"start":{"line":123,"column":19},"end":{"line":123,"column":null}},"40":{"start":{"line":124,"column":22},"end":{"line":124,"column":null}},"41":{"start":{"line":126,"column":2},"end":{"line":150,"column":null}},"42":{"start":{"line":158,"column":5},"end":{"line":186,"column":null}},"43":{"start":{"line":159,"column":8},"end":{"line":159,"column":null}},"44":{"start":{"line":161,"column":2},"end":{"line":166,"column":null}},"45":{"start":{"line":162,"column":18},"end":{"line":164,"column":null}},"46":{"start":{"line":163,"column":6},"end":{"line":163,"column":null}},"47":{"start":{"line":165,"column":4},"end":{"line":165,"column":null}},"48":{"start":{"line":165,"column":17},"end":{"line":165,"column":null}},"49":{"start":{"line":168,"column":2},"end":{"line":183,"column":null}},"50":{"start":{"line":169,"column":4},"end":{"line":172,"column":null}},"51":{"start":{"line":170,"column":6},"end":{"line":170,"column":null}},"52":{"start":{"line":171,"column":6},"end":{"line":171,"column":null}},"53":{"start":{"line":174,"column":39},"end":{"line":177,"column":null}},"54":{"start":{"line":175,"column":38},"end":{"line":175,"column":49}},"55":{"start":{"line":176,"column":39},"end":{"line":176,"column":50}},"56":{"start":{"line":179,"column":4},"end":{"line":182,"column":null}},"57":{"start":{"line":180,"column":21},"end":{"line":180,"column":null}},"58":{"start":{"line":181,"column":6},"end":{"line":181,"column":null}},"59":{"start":{"line":185,"column":2},"end":{"line":185,"column":null}},"60":{"start":{"line":188,"column":55},"end":{"line":443,"column":null}},"61":{"start":{"line":197,"column":36},"end":{"line":197,"column":null}},"62":{"start":{"line":200,"column":2},"end":{"line":208,"column":null}},"63":{"start":{"line":201,"column":26},"end":{"line":205,"column":null}},"64":{"start":{"line":202,"column":6},"end":{"line":204,"column":null}},"65":{"start":{"line":203,"column":8},"end":{"line":203,"column":null}},"66":{"start":{"line":206,"column":4},"end":{"line":206,"column":null}},"67":{"start":{"line":207,"column":4},"end":{"line":207,"column":null}},"68":{"start":{"line":207,"column":17},"end":{"line":207,"column":null}},"69":{"start":{"line":210,"column":25},"end":{"line":212,"column":null}},"70":{"start":{"line":211,"column":17},"end":{"line":211,"column":84}},"71":{"start":{"line":212,"column":73},"end":{"line":212,"column":93}},"72":{"start":{"line":214,"column":26},"end":{"line":216,"column":null}},"73":{"start":{"line":215,"column":17},"end":{"line":215,"column":64}},"74":{"start":{"line":216,"column":81},"end":{"line":216,"column":101}},"75":{"start":{"line":219,"column":47},"end":{"line":219,"column":null}},"76":{"start":{"line":220,"column":2},"end":{"line":226,"column":null}},"77":{"start":{"line":221,"column":18},"end":{"line":221,"column":null}},"78":{"start":{"line":221,"column":48},"end":{"line":221,"column":77}},"79":{"start":{"line":222,"column":4},"end":{"line":222,"column":null}},"80":{"start":{"line":222,"column":15},"end":{"line":222,"column":null}},"81":{"start":{"line":223,"column":2},"end":{"line":226,"column":null}},"82":{"start":{"line":224,"column":18},"end":{"line":224,"column":null}},"83":{"start":{"line":224,"column":49},"end":{"line":224,"column":86}},"84":{"start":{"line":225,"column":4},"end":{"line":225,"column":null}},"85":{"start":{"line":225,"column":15},"end":{"line":225,"column":null}},"86":{"start":{"line":228,"column":2},"end":{"line":441,"column":null}},"87":{"start":{"line":284,"column":29},"end":{"line":284,"column":null}},"88":{"start":{"line":307,"column":27},"end":{"line":307,"column":null}},"89":{"start":{"line":334,"column":29},"end":{"line":334,"column":null}},"90":{"start":{"line":336,"column":10},"end":{"line":393,"column":null}},"91":{"start":{"line":342,"column":29},"end":{"line":342,"column":null}},"92":{"start":{"line":386,"column":37},"end":{"line":386,"column":null}},"93":{"start":{"line":399,"column":29},"end":{"line":399,"column":null}},"94":{"start":{"line":401,"column":10},"end":{"line":437,"column":null}},"95":{"start":{"line":407,"column":29},"end":{"line":407,"column":null}}},"fnMap":{"0":{"name":"hashStringToCoords","decl":{"start":{"line":31,"column":9},"end":{"line":31,"column":28}},"loc":{"start":{"line":31,"column":59},"end":{"line":48,"column":null}},"line":31},"1":{"name":"extractCoords","decl":{"start":{"line":51,"column":9},"end":{"line":51,"column":23}},"loc":{"start":{"line":51,"column":87},"end":{"line":82,"column":null}},"line":51},"2":{"name":"createJobMarkerIcon","decl":{"start":{"line":84,"column":9},"end":{"line":84,"column":29}},"loc":{"start":{"line":84,"column":80},"end":{"line":119,"column":null}},"line":84},"3":{"name":"createTechnicianMarkerIcon","decl":{"start":{"line":121,"column":9},"end":{"line":121,"column":36}},"loc":{"start":{"line":121,"column":94},"end":{"line":151,"column":null}},"line":121},"4":{"name":"(anonymous_4)","decl":{"start":{"line":158,"column":5},"end":{"line":158,"column":6}},"loc":{"start":{"line":158,"column":74},"end":{"line":186,"column":null}},"line":158},"5":{"name":"(anonymous_5)","decl":{"start":{"line":161,"column":12},"end":{"line":161,"column":18}},"loc":{"start":{"line":161,"column":18},"end":{"line":166,"column":5}},"line":161},"6":{"name":"(anonymous_6)","decl":{"start":{"line":162,"column":29},"end":{"line":162,"column":35}},"loc":{"start":{"line":162,"column":35},"end":{"line":164,"column":7}},"line":162},"7":{"name":"(anonymous_7)","decl":{"start":{"line":165,"column":11},"end":{"line":165,"column":17}},"loc":{"start":{"line":165,"column":17},"end":{"line":165,"column":null}},"line":165},"8":{"name":"(anonymous_8)","decl":{"start":{"line":168,"column":12},"end":{"line":168,"column":18}},"loc":{"start":{"line":168,"column":18},"end":{"line":183,"column":5}},"line":168},"9":{"name":"(anonymous_9)","decl":{"start":{"line":175,"column":28},"end":{"line":175,"column":29}},"loc":{"start":{"line":175,"column":38},"end":{"line":175,"column":49}},"line":175},"10":{"name":"(anonymous_10)","decl":{"start":{"line":176,"column":29},"end":{"line":176,"column":30}},"loc":{"start":{"line":176,"column":39},"end":{"line":176,"column":50}},"line":176},"11":{"name":"(anonymous_11)","decl":{"start":{"line":188,"column":55},"end":{"line":188,"column":56}},"loc":{"start":{"line":196,"column":6},"end":{"line":443,"column":null}},"line":196},"12":{"name":"(anonymous_12)","decl":{"start":{"line":200,"column":12},"end":{"line":200,"column":18}},"loc":{"start":{"line":200,"column":18},"end":{"line":208,"column":5}},"line":200},"13":{"name":"(anonymous_13)","decl":{"start":{"line":201,"column":26},"end":{"line":201,"column":27}},"loc":{"start":{"line":201,"column":48},"end":{"line":205,"column":null}},"line":201},"14":{"name":"(anonymous_14)","decl":{"start":{"line":207,"column":11},"end":{"line":207,"column":17}},"loc":{"start":{"line":207,"column":17},"end":{"line":207,"column":null}},"line":207},"15":{"name":"(anonymous_15)","decl":{"start":{"line":211,"column":9},"end":{"line":211,"column":10}},"loc":{"start":{"line":211,"column":17},"end":{"line":211,"column":84}},"line":211},"16":{"name":"(anonymous_16)","decl":{"start":{"line":212,"column":12},"end":{"line":212,"column":13}},"loc":{"start":{"line":212,"column":73},"end":{"line":212,"column":93}},"line":212},"17":{"name":"(anonymous_17)","decl":{"start":{"line":215,"column":9},"end":{"line":215,"column":10}},"loc":{"start":{"line":215,"column":17},"end":{"line":215,"column":64}},"line":215},"18":{"name":"(anonymous_18)","decl":{"start":{"line":216,"column":12},"end":{"line":216,"column":13}},"loc":{"start":{"line":216,"column":81},"end":{"line":216,"column":101}},"line":216},"19":{"name":"(anonymous_19)","decl":{"start":{"line":221,"column":38},"end":{"line":221,"column":39}},"loc":{"start":{"line":221,"column":48},"end":{"line":221,"column":77}},"line":221},"20":{"name":"(anonymous_20)","decl":{"start":{"line":224,"column":39},"end":{"line":224,"column":40}},"loc":{"start":{"line":224,"column":49},"end":{"line":224,"column":86}},"line":224},"21":{"name":"(anonymous_21)","decl":{"start":{"line":284,"column":23},"end":{"line":284,"column":29}},"loc":{"start":{"line":284,"column":29},"end":{"line":284,"column":null}},"line":284},"22":{"name":"(anonymous_22)","decl":{"start":{"line":307,"column":21},"end":{"line":307,"column":27}},"loc":{"start":{"line":307,"column":27},"end":{"line":307,"column":null}},"line":307},"23":{"name":"(anonymous_23)","decl":{"start":{"line":333,"column":28},"end":{"line":333,"column":29}},"loc":{"start":{"line":333,"column":49},"end":{"line":395,"column":9}},"line":333},"24":{"name":"(anonymous_24)","decl":{"start":{"line":342,"column":23},"end":{"line":342,"column":29}},"loc":{"start":{"line":342,"column":29},"end":{"line":342,"column":null}},"line":342},"25":{"name":"(anonymous_25)","decl":{"start":{"line":386,"column":31},"end":{"line":386,"column":37}},"loc":{"start":{"line":386,"column":37},"end":{"line":386,"column":null}},"line":386},"26":{"name":"(anonymous_26)","decl":{"start":{"line":398,"column":29},"end":{"line":398,"column":30}},"loc":{"start":{"line":398,"column":51},"end":{"line":439,"column":9}},"line":398},"27":{"name":"(anonymous_27)","decl":{"start":{"line":407,"column":23},"end":{"line":407,"column":29}},"loc":{"start":{"line":407,"column":29},"end":{"line":407,"column":null}},"line":407}},"branchMap":{"0":{"loc":{"start":{"line":41,"column":2},"end":{"line":43,"column":null}},"type":"if","locations":[{"start":{"line":41,"column":2},"end":{"line":43,"column":null}},{"start":{},"end":{}}],"line":41},"1":{"loc":{"start":{"line":41,"column":6},"end":{"line":41,"column":57}},"type":"binary-expr","locations":[{"start":{"line":41,"column":6},"end":{"line":41,"column":35}},{"start":{"line":41,"column":35},"end":{"line":41,"column":57}}],"line":41},"2":{"loc":{"start":{"line":44,"column":2},"end":{"line":46,"column":null}},"type":"if","locations":[{"start":{"line":44,"column":2},"end":{"line":46,"column":null}},{"start":{},"end":{}}],"line":44},"3":{"loc":{"start":{"line":44,"column":6},"end":{"line":44,"column":112}},"type":"binary-expr","locations":[{"start":{"line":44,"column":6},"end":{"line":44,"column":30}},{"start":{"line":44,"column":30},"end":{"line":44,"column":56}},{"start":{"line":44,"column":56},"end":{"line":44,"column":86}},{"start":{"line":44,"column":86},"end":{"line":44,"column":112}}],"line":44},"4":{"loc":{"start":{"line":52,"column":2},"end":{"line":67,"column":null}},"type":"if","locations":[{"start":{"line":52,"column":2},"end":{"line":67,"column":null}},{"start":{},"end":{}}],"line":52},"5":{"loc":{"start":{"line":52,"column":6},"end":{"line":52,"column":47}},"type":"binary-expr","locations":[{"start":{"line":52,"column":6},"end":{"line":52,"column":33}},{"start":{"line":52,"column":33},"end":{"line":52,"column":47}}],"line":52},"6":{"loc":{"start":{"line":54,"column":4},"end":{"line":56,"column":null}},"type":"if","locations":[{"start":{"line":54,"column":4},"end":{"line":56,"column":null}},{"start":{},"end":{}}],"line":54},"7":{"loc":{"start":{"line":54,"column":8},"end":{"line":54,"column":104}},"type":"binary-expr","locations":[{"start":{"line":54,"column":8},"end":{"line":54,"column":39}},{"start":{"line":54,"column":39},"end":{"line":54,"column":71}},{"start":{"line":54,"column":71},"end":{"line":54,"column":88}},{"start":{"line":54,"column":88},"end":{"line":54,"column":104}}],"line":54},"8":{"loc":{"start":{"line":57,"column":4},"end":{"line":59,"column":null}},"type":"if","locations":[{"start":{"line":57,"column":4},"end":{"line":59,"column":null}},{"start":{},"end":{}}],"line":57},"9":{"loc":{"start":{"line":57,"column":8},"end":{"line":57,"column":96}},"type":"binary-expr","locations":[{"start":{"line":57,"column":8},"end":{"line":57,"column":37}},{"start":{"line":57,"column":37},"end":{"line":57,"column":67}},{"start":{"line":57,"column":67},"end":{"line":57,"column":82}},{"start":{"line":57,"column":82},"end":{"line":57,"column":96}}],"line":57},"10":{"loc":{"start":{"line":60,"column":4},"end":{"line":66,"column":null}},"type":"if","locations":[{"start":{"line":60,"column":4},"end":{"line":66,"column":null}},{"start":{},"end":{}}],"line":60},"11":{
[...]
,"E:\\Projects\\whosonsite\\apps\\web\\src\\lib\\socket\\events\\index.ts": {"path":"E:\\Projects\\whosonsite\\apps\\web\\src\\lib\\socket\\events\\index.ts","statementMap":{"0":{"start":{"line":26,"column":29},"end":{"line":28,"column":null}},"1":{"start":{"line":27,"column":4},"end":{"line":27,"column":null}},"2":{"start":{"line":30,"column":30},"end":{"line":32,"column":null}},"3":{"start":{"line":31,"column":4},"end":{"line":31,"column":null}},"4":{"start":{"line":34,"column":35},"end":{"line":36,"column":null}},"5":{"start":{"line":35,"column":4},"end":{"line":35,"column":null}},"6":{"start":{"line":38,"column":31},"end":{"line":40,"column":null}},"7":{"start":{"line":39,"column":4},"end":{"line":39,"column":null}},"8":{"start":{"line":42,"column":29},"end":{"line":44,"column":null}},"9":{"start":{"line":43,"column":4},"end":{"line":43,"column":null}},"10":{"start":{"line":46,"column":2},"end":{"line":46,"column":null}},"11":{"start":{"line":47,"column":2},"end":{"line":47,"column":null}},"12":{"start":{"line":48,"column":2},"end":{"line":48,"column":null}},"13":{"start":{"line":49,"column":2},"end":{"line":49,"column":null}},"14":{"start":{"line":50,"column":2},"end":{"line":50,"column":null}},"15":{"start":{"line":52,"column":2},"end":{"line":58,"column":null}},"16":{"start":{"line":53,"column":4},"end":{"line":53,"column":null}},"17":{"start":{"line":54,"column":4},"end":{"line":54,"column":null}},"18":{"start":{"line":55,"column":4},"end":{"line":55,"column":null}},"19":{"start":{"line":56,"column":4},"end":{"line":56,"column":null}},"20":{"start":{"line":57,"column":4},"end":{"line":57,"column":null}}},"fnMap":{"0":{"name":"registerSocketHandlers","decl":{"start":{"line":22,"column":16},"end":{"line":22,"column":null}},"loc":{"start":{"line":25,"column":14},"end":{"line":59,"column":null}},"line":25},"1":{"name":"(anonymous_1)","decl":{"start":{"line":26,"column":29},"end":{"line":26,"column":30}},"loc":{"start":{"line":26,"column":56},"end":{"line":28,"column":null}},"line":26},"2":{"name":"(anonymous_2)","decl":{"start":{"line":30,"column":30},"end":{"line":30,"column":31}},"loc":{"start":{"line":30,"column":58},"end":{"line":32,"column":null}},"line":30},"3":{"name":"(anonymous_3)","decl":{"start":{"line":34,"column":35},"end":{"line":34,"column":36}},"loc":{"start":{"line":34,"column":68},"end":{"line":36,"column":null}},"line":34},"4":{"name":"(anonymous_4)","decl":{"start":{"line":38,"column":31},"end":{"line":38,"column":32}},"loc":{"start":{"line":38,"column":73},"end":{"line":40,"column":null}},"line":38},"5":{"name":"(anonymous_5)","decl":{"start":{"line":42,"column":29},"end":{"line":42,"column":30}},"loc":{"start":{"line":42,"column":69},"end":{"line":44,"column":null}},"line":42},"6":{"name":"(anonymous_6)","decl":{"start":{"line":52,"column":9},"end":{"line":52,"column":15}},"loc":{"start":{"line":52,"column":15},"end":{"line":58,"column":null}},"line":52}},"branchMap":{},"s":{"0":0,"1":0,"2":0,"3":0,"4":0,"5":0,"6":0,"7":0,"8":0,"9":0,"10":0,"11":0,"12":0,"13":0,"14":0,"15":0,"16":0,"17":0,"18":0,"19":0,"20":0},"f":{"0":0,"1":0,"2":0,"3":0,"4":0,"5":0,"6":0},"b":{},"meta":{"lastBranch":0,"lastFunction":7,"lastStatement":21,"seen":{"f:22:16:22:Infinity":0,"s:26:29:28:Infinity":0,"f:26:29:26:30":1,"s:27:4:27:Infinity":1,"s:30:30:32:Infinity":2,"f:30:30:30:31":2,"s:31:4:31:Infinity":3,"s:34:35:36:Infinity":4,"f:34:35:34:36":3,"s:35:4:35:Infinity":5,"s:38:31:40:Infinity":6,"f:38:31:38:32":4,"s:39:4:39:Infinity":7,"s:42:29:44:Infinity":8,"f:42:29:42:30":5,"s:43:4:43:Infinity":9,"s:46:2:46:Infinity":10,"s:47:2:47:Infinity":11,"s:48:2:48:Infinity":12,"s:49:2:49:Infinity":13,"s:50:2:50:Infinity":14,"s:52:2:58:Infinity":15,"f:52:9:52:15":6,"s:53:4:53:Infinity":16,"s:54:4:54:Infinity":17,"s:55:4:55:Infinity":18,"s:56:4:56:Infinity":19,"s:57:4:57:Infinity":20},"fnNames":{}}}
,"E:\\Projects\\whosonsite\\apps\\web\\src\\store\\index.ts": {"path":"E:\\Projects\\whosonsite\\apps\\web\\src\\store\\index.ts","statementMap":{"0":{"start":{"line":5,"column":13},"end":{"line":9,"column":null}},"1":{"start":{"line":14,"column":30},"end":{"line":14,"column":null}},"2":{"start":{"line":15,"column":63},"end":{"line":15,"column":null}}},"fnMap":{"0":{"name":"(anonymous_0)","decl":{"start":{"line":14,"column":30},"end":{"line":14,"column":36}},"loc":{"start":{"line":14,"column":30},"end":{"line":14,"column":null}},"line":14}},"branchMap":{},"s":{"0":0,"1":0,"2":0},"f":{"0":0},"b":{},"meta":{"lastBranch":0,"lastFunction":1,"lastStatement":3,"seen":{"s:5:13:9:Infinity":0,"s:14:30:14:Infinity":1,"f:14:30:14:36":0,"s:15:63:15:Infinity":2},"fnNames":{}}}
,"E:\\Projects\\whosonsite\\apps\\web\\src\\store\\slices\\authSlice.ts": {"path":"E:\\Projects\\whosonsite\\apps\\web\\src\\store\\slices\\authSlice.ts","statementMap":{"0":{"start":{"line":20,"column":32},"end":{"line":25,"column":null}},"1":{"start":{"line":27,"column":13},"end":{"line":45,"column":null}},"2":{"start":{"line":30,"column":4},"end":{"line":32,"column":null}},"3":{"start":{"line":31,"column":6},"end":{"line":31,"column":null}},"4":{"start":{"line":33,"column":4},"end":{"line":43,"column":null}},"5":{"start":{"line":34,"column":18},"end":{"line":34,"column":null}},"6":{"start":{"line":35,"column":6},"end":{"line":37,"column":null}},"7":{"start":{"line":36,"column":8},"end":{"line":36,"column":null}},"8":{"start":{"line":38,"column":6},"end":{"line":38,"column":null}},"9":{"start":{"line":40,"column":6},"end":{"line":40,"column":null}},"10":{"start":{"line":41,"column":6},"end":{"line":41,"column":null}},"11":{"start":{"line":42,"column":6},"end":{"line":42,"column":null}},"12":{"start":{"line":47,"column":13},"end":{"line":60,"column":null}},"13":{"start":{"line":50,"column":4},"end":{"line":58,"column":null}},"14":{"start":{"line":51,"column":18},"end":{"line":51,"column":null}},"15":{"start":{"line":52,"column":6},"end":{"line":54,"column":null}},"16":{"start":{"line":53,"column":8},"end":{"line":53,"column":null}},"17":{"start":{"line":55,"column":6},"end":{"line":55,"column":null}},"18":{"start":{"line":57,"column":6},"end":{"line":57,"column":null}},"19":{"start":{"line":62,"column":13},"end":{"line":75,"column":null}},"20":{"start":{"line":65,"column":4},"end":{"line":73,"column":null}},"21":{"start":{"line":66,"column":18},"end":{"line":66,"column":null}},"22":{"start":{"line":67,"column":6},"end":{"line":69,"column":null}},"23":{"start":{"line":68,"column":8},"end":{"line":68,"column":null}},"24":{"start":{"line":70,"column":6},"end":{"line":70,"column":null}},"25":{"start":{"line":72,"column":6},"end":{"line":72,"column":null}},"26":{"start":{"line":77,"column":13},"end":{"line":86,"column":null}},"27":{"start":{"line":78,"column":2},"end":{"line":85,"column":null}},"28":{"start":{"line":79,"column":4},"end":{"line":79,"column":null}},"29":{"start":{"line":83,"column":4},"end":{"line":83,"column":null}},"30":{"start":{"line":84,"column":4},"end":{"line":84,"column":null}},"31":{"start":{"line":88,"column":13},"end":{"line":149,"column":null}},"32":{"start":{"line":93,"column":6},"end":{"line":93,"column":null}},"33":{"start":{"line":94,"column":6},"end":{"line":94,"column":null}},"34":{"start":{"line":95,"column":6},"end":{"line":95,"column":null}},"35":{"start":{"line":96,"column":6},"end":{"line":96,"column":null}},"36":{"start":{"line":99,"column":6},"end":{"line":99,"column":null}},"37":{"start":{"line":100,"column":6},"end":{"line":100,"column":null}},"38":{"start":{"line":101,"column":6},"end":{"line":101,"column":null}},"39":{"start":{"line":102,"column":6},"end":{"line":102,"column":null}},"40":{"start":{"line":105,"column":6},"end":{"line":105,"column":null}},"41":{"start":{"line":110,"column":4},"end":{"line":117,"column":null}},"42":{"start":{"line":111,"column":6},"end":{"line":115,"column":null}},"43":{"start":{"line":112,"column":8},"end":{"line":112,"column":null}},"44":{"start":{"line":113,"column":8},"end":{"line":113,"column":null}},"45":{"start":{"line":114,"column":8},"end":{"line":114,"column":null}},"46":{"start":{"line":116,"column":6},"end":{"line":116,"column":null}},"47":{"start":{"line":118,"column":4},"end":{"line":123,"column":null}},"48":{"start":{"line":119,"column":6},"end":{"line":119,"column":null}},"49":{"start":{"line":120,"column":6},"end":{"line":120,"column":null}},"50":{"start":{"line":121,"column":6},"end":{"line":121,"column":null}},"51":{"start":{"line":122,"column":6},"end":{"line":122,"column":null}},"52":{"start":{"line":126,"column":4},"end":{"line":131,"column":null}},"53":{"start":{"line":127,"column":6},"end":{"line":127,"column":null}},"54":{"start":{"line":128,"column":6},"end":{"line":128,"column":null}},"55":{"start":{"line":129,"column":6},"end":{"line":129,"column":null}},"56":{"start":{"line":130,"column":6},"end":{"line":130,"column":null}},"57":{"start":{"line":134,"column":4},"end":{"line":139,"column":null}},"58":{"start":{"line":135,"column":6},"end":{"line":135,"column":null}},"59":{"start":{"line":136,"column":6},"end":{"line":136,"column":null}},"60":{"start":{"line":137,"column":6},"end":{"line":137,"column":null}},"61":{"start":{"line":138,"column":6},"end":{"line":138,"column":null}},"62":{"start":{"line":142,"column":4},"end":{"line":147,"column":null}},"63":{"start":{"line":143,"column":6},"end":{"line":143,"column":null}},"64":{"start":{"line":144,"column":6},"end":{"line":144,"column":null}},"65":{"start":{"line":145,"column":6},"end":{"line":145,"column":null}},"66":{"start":{"line":146,"column":6},"end":{"line":146,"column":null}},"67":{"start":{"line":151,"column":66},"end":{"line":151,"column":null}}},"fnMap":{"0":{"name":"(anonymous_0)","decl":{"start":{"line":29,"column":2},"end":{"line":29,"column":9}},"loc":{"start":{"line":29,"column":36},"end":{"line":44,"column":null}},"line":29},"1":{"name":"(anonymous_1)","decl":{"start":{"line":49,"column":2},"end":{"line":49,"column":9}},"loc":{"start":{"line":49,"column":46},"end":{"line":59,"column":null}},"line":49},"2":{"name":"(anonymous_2)","decl":{"start":{"line":64,"column":2},"end":{"line":64,"column":9}},"loc":{"start":{"line":64,"column":39},"end":{"line":74,"column":null}},"line":64},"3":{"name":"(anonymous_3)","decl":{"start":{"line":77,"column":65},"end":{"line":77,"column":77}},"loc":{"start":{"line":77,"column":77},"end":{"line":86,"column":1}},"line":77},"4":{"name":"(anonymous_4)","decl":{"start":{"line":92,"column":20},"end":{"line":92,"column":21}},"loc":{"start":{"line":92,"column":96},"end":{"line":97,"column":null}},"line":92},"5":{"name":"(anonymous_5)","decl":{"start":{"line":98,"column":22},"end":{"line":98,"column":23}},"loc":{"start":{"line":98,"column":33},"end":{"line":103,"column":null}},"line":98},"6":{"name":"(anonymous_6)","decl":{"start":{"line":104,"column":18},"end":{"line":104,"column":19}},"loc":{"start":{"line":104,"column":61},"end":{"line":106,"column":null}},"line":104},"7":{"name":"(anonymous_7)","decl":{"start":{"line":108,"column":17},"end":{"line":108,"column":18}},"loc":{"start":{"line":108,"column":30},"end":{"line":148,"column":null}},"line":108},"8":{"name":"(anonymous_8)","decl":{"start":{"line":110,"column":53},"end":{"line":110,"column":54}},"loc":{"start":{"line":110,"column":72},"end":{"line":117,"column":5}},"line":110},"9":{"name":"(anonymous_9)","decl":{"start":{"line":118,"column":52},"end":{"line":118,"column":53}},"loc":{"start":{"line":118,"column":63},"end":{"line":123,"column":5}},"line":118},"10":{"name":"(anonymous_10)","decl":{"start":{"line":126,"column":42},"end":{"line":126,"column":43}},"loc":{"start":{"line":126,"column":61},"end":{"line":131,"column":5}},"line":126},"11":{"name":"(anonymous_11)","decl":{"start":{"line":134,"column":45},"end":{"line":134,"column":46}},"loc":{"start":{"line":134,"column":64},"end":{"line":139,"column":5}},"line":134},"12":{"name":"(anonymous_12)","decl":{"start":{"line":142,"column":43},"end":{"line":142,"column":44}},"loc":{"start":{"line":142,"column":54},"end":{"line":147,"column":5}},"line":142}},"branchMap":{"0":{"loc":{"start":{"line":30,"column":4},"end":{"line":32,"column":null}},"type":"if","locations":[{"start":{"line":30,"column":4},"end":{"line":32,"column":null}},{"start":{},"end":{}}],"line":30},"1":{"loc":{"start":{"line":35,"column":6},"end":{"line":37,"column":null}},"type":"if","locations":[{"start":{"line":35,"column":6},"end":{"line":37,"column":null}},{"start":{},"end":{}}],"line":35},"2":{"loc":{"start":{"line":42,"column":29},"end":{"line":42,"column":90}},"type":"cond-expr","locations":[{"start":{"line":42,"column":52},"end":{"line":42,"column":66}},{"start":{"line":42,"column":66},"end":{"line":42,"column":90}}],"line":42},"3":{"loc":{"start":{"line":52,"column":6},"end":{"line":54,"column":null}},"type":"if","locations":[{"start":{"line":52,"column":6},"end":{"line":54,"column":null}},{"start":{},"end":{}}],"line":52},"4":{"loc":{"start":{"line":57,"column":29},"end":{"line":57,"column":80}},"type":"cond-expr","locations":[{"start":{"line":57,"column":52},"end":{"line":57,"column":66}},{"start":{"line":57,"column":66},"end":{"line":57,"column":80}}],"line":57},"5":{"loc":{"start":{"line":67,"column":6},"end":{"line":69,"column":null}},"type":"if","locations":[{"start":{"line":67,"column":6},"end":{"line":69,"column":null}},{"start":{},"end":{}}],"line":67},"6":{"loc":{"start":{"line":72,"column":29},"end":{"line":72,"column":87}},"type":"cond-expr","locations":[{"start":{"line":72,"column":52},"end":{"line":72,"column":66}},{"start":{"line":72,"column":66},"end":{"line":72,"column":87}}],"line":72},"7":{"loc":{"start":{"line":94,"column":22},"end":{"line":94,"column":null}},"type":"binary-expr","locations":[{"start":{"line":94,"column":22},"end":{"line":94,"column":48}},{"start":{"line":94,"column":48},"end":{"line":94,"column":null}}],"line":94},"8":{"loc":{"start":{"line":111,"column":6},"end":{"line":115,"column":null}},"type":"if","locations":[{"start":{"line":111,"column":6},"end":{"line":115,"column":null}},{"start":{},"end":{}}],"line":111},"9":{"loc":{"start":{"line":113,"column":24},"end":{"line":113,"column":null}},"type":"binary-expr","locations":[{"start":{"line":113,"column":24},"end":{"line":113,"column":50}},{"start":{"line":113,"column":50},"end":{"line":113,"column":null}}],"line":113},"10":{"loc":{"start":{"line":128,"column":22},"end":{"line":128,"column":null}},"type":"binary-expr","locations":[{"start":{"line":128,"column":22},"end":{"line":128,"column":48}},{"start":{"line":128,"column":48},"end":{"line":128,"column":null}}],"line":128},"11":{"loc":{"start":{"line":136,"column":22},"end":{"line":136,"column":null}},"type":"binary-expr","locations":[{"start":{"line":136,"column":22},"end":{"line":136,"column":48}},{"start":{"line":136,"column":48},"end":{"line":136,"column":null}}],"line":136}},"s":{"0":0,"1":0,"2":0,"3":0,"4":0,"5":0,"6":0,"7":0,"8":0,"9":0,"10":0,"11":0,"12":0,"13":0,"14":0,"15":0,"16":0,"17":0,"18":0,"19":0,"20":0,"21":0,"22":0,"23":0,"24":0,"25":0,"26":0,"27":0,"28":0,"29":0,"30":0,"31":0,"32":0,"33":0,"34":0,"35":0,"36":0,"37":0,"38":0,"39":0,"40":0,"41":0,"42":0,"43":0,"44":0,"45":0,"46":0,"47":0,"48":0,"49":0,"50":0,"51":0,"52":0,"53":0,"54":0,"55":0,"56":0,"57":0,"58":0,"59":0,"60":0,"61":0,"62":0,"63":0,"64":0,"65":0,"66":0,"67":0},"f":{"0":0,"1":0,"2":0,"3":0,"4":0,"5":0,"6":0,"7":0,"8":0,"9":0,"10":0,"11":0,"12":0},"b":{"0":[0,0],"1":[0,0],"2":[0,0],"3":[0,0],"4":[0,0],"5":[0,0],"6":[0,0],"7":[0,0],"8":[0,0],"9":[0,0],"10":[0,0],"11":[0,0]},"meta":{"lastBranch":12,"lastFunction":13,"lastStatement":68,"seen":{"s:20:32:25:Infinity":0,"s:27:13:45:Infinity":1,"f:29:2:29:9":0,"b:30:4:32:Infinity:undefined:undefined:undefined:undefined":0,"s:30:4:32:Infinity":2,"s:31:6:31:Infinity":3,"s:33:4:43:Infinity":4,"s:34:18:34:Infinity":5,"b:35:6:37:Infinity:undefined:undefined:undefined:undefined":1,"s:35:6:37:Infinity":6,"s:36:8:36:Infinity":7,"s:38:6:38:Infinity":8,"s:40:6:40:Infinity":9,"s:41:6:41:Infinity":10,"s:42:6:42:Infinity":11,"b:42:52:42:66:42:66:42:90":2,"s:47:13:60:Infinity":12,"f:49:2:49:9":1,"s:50:4:58:Infinity":13,"s:51:18:51:Infinity":14,"b:52:6:54:Infinity:undefined:undefined:undefined:undefined":3,"s:52:6:54:Infinity":15,"s:53:8:53:Infinity":16,"s:55:6:55:Infinity":17,"s:57:6:57:Infinity":18,"b:57:52:57:66:57:66:57:80":4,"s:62:13:75:Infinity":19,"f:64:2:64:9":2,"s:65:4:73:Infinity":20,"s:66:18:66:Infinity":21,"b:67:6:69:Infinity:undefined:undefined:undefined:undefined":5,"s:67:6:69:Infinity":22,"s:68:8:68:Infinity":23,"s:70:6:70:Infinity":24,"s:72:6:72:Infinity":25,"b:72:52:72:66:72:66:72:87":6,"s:77:13:86:Infinity":26,"f:77:65:77:77":3,"s:78:2:85:Infinity":27,"s:79:4:79:Infinity":28,"s:83:4:83:Infinity":29,"s:84:4:84:Infinity":30,"s:88:13:149:Infinity":31,"f:92:20:92:21":4,"s:93:6:93:Infinity":32,"s:94:6:94:Infinity":33,"b:94:22:94:48:94:48:94:Infinity":7,"s:95:6:95:Infinity":34,"s:96:6:96:Infinity":35,"f:98:22:98:23":5,"s:99:6:99:Infinity":36,"s:100:6:100:Infinity":37,"s:101:6:101:Infinity":38,"s:102:6:102:Infinity":39,"f:104:18:104:19":6,"s:105:6:105:Infinity":40,"f:108:17:108:18":7,"s:110:4:117:Infinity":41,"f:110:53:110:54":8,"b:111:6:115:Infinity:undefined:undefined:undefined:undefined":8,"s:111:6:115:Infinity":42,"s:112:8:112:Infinity":43,"s:113:8:113:Infinity":44,"b:113:24:113:50:113:50:113:Infinity":9,"s:114:8:114:Infinity":45,"s:116:6:116:Infinity":46,"s:118:4:123:Infinity":47,"f:118:52:118:53":9,"s:119:6:119:Infinity":48,"s:120:6:120:Infinity":49,"s:121:6:121:Infinity":50,"s:122:6:122:Infinity":51,"s:126:4:131:Infinity":52,"f:126:42:126:43":10,"s:127:6:127:Infinity":53,"s:128:6:128:Infinity":54,"b:128:22:128:48:128:48:128:Infinity":10,"s:129:6:129:Infinity":55,"s:130:6:130:Infinity":56,"s:134:4:139:Infinity":57,"f:134:45:134:46":11,"s:135:6:135:Infinity":58,"s:136:6:136:Infinity":59,"b:136:22:136:48:136:48:136:Infinity":11,"s:137:6:137:Infinity":60,"s:138:6:138:Infinity":61,"s:142:4:147:Infinity":62,"f:142:43:142:44":12,"s:143:6:143:Infinity":63,"s:144:6:144:Infinity":64,"s:145:6:145:Infinity":65,"s:146:6:146:Infinity":66,"s:151:66:151:Infinity":67},"fnNames":{}}}
}
